<?xml version="1.0" encoding="UTF-8"?>
<coverage generated="1772395391332" clover="3.2.0">
  <project timestamp="1772395391332" name="All files">
    <metrics statements="238" coveredstatements="238" conditionals="123" coveredconditionals="123" methods="42" coveredmethods="42" elements="403" coveredelements="403" complexity="0" loc="238" ncloc="238" packages="1" files="11" classes="11"/>
    <file name="calendar-constants.ts" path="/Users/jinseunghyeon/Desktop/jin/project/rally/src/renderer/src/features/schedule/manage-schedule/model/calendar-constants.ts">
      <metrics statements="7" coveredstatements="7" conditionals="0" coveredconditionals="0" methods="0" coveredmethods="0"/>
      <line num="1" count="1" type="stmt"/>
      <line num="3" count="1" type="stmt"/>
      <line num="4" count="1" type="stmt"/>
      <line num="5" count="1" type="stmt"/>
      <line num="6" count="1" type="stmt"/>
      <line num="7" count="1" type="stmt"/>
      <line num="9" count="1" type="stmt"/>
    </file>
    <file name="calendar-grid.ts" path="/Users/jinseunghyeon/Desktop/jin/project/rally/src/renderer/src/features/schedule/manage-schedule/model/calendar-grid.ts">
      <metrics statements="15" coveredstatements="15" conditionals="0" coveredconditionals="0" methods="3" coveredmethods="3"/>
      <line num="10" count="9" type="stmt"/>
      <line num="11" count="9" type="stmt"/>
      <line num="12" count="9" type="stmt"/>
      <line num="13" count="9" type="stmt"/>
      <line num="15" count="9" type="stmt"/>
      <line num="16" count="9" type="stmt"/>
      <line num="18" count="9" type="stmt"/>
      <line num="19" count="45" type="stmt"/>
      <line num="20" count="45" type="stmt"/>
      <line num="21" count="315" type="stmt"/>
      <line num="26" count="315" type="stmt"/>
      <line num="28" count="45" type="stmt"/>
      <line num="31" count="9" type="stmt"/>
      <line num="35" count="4" type="stmt"/>
      <line num="36" count="28" type="stmt"/>
    </file>
    <file name="calendar-layout.ts" path="/Users/jinseunghyeon/Desktop/jin/project/rally/src/renderer/src/features/schedule/manage-schedule/model/calendar-layout.ts">
      <metrics statements="97" coveredstatements="97" conditionals="55" coveredconditionals="55" methods="10" coveredmethods="10"/>
      <line num="36" count="8" type="stmt"/>
      <line num="37" count="8" type="stmt"/>
      <line num="39" count="8" type="stmt"/>
      <line num="40" count="8" type="cond" truecount="2" falsecount="0"/>
      <line num="41" count="4" type="stmt"/>
      <line num="44" count="8" type="stmt"/>
      <line num="45" count="15" type="stmt"/>
      <line num="46" count="15" type="stmt"/>
      <line num="47" count="10" type="cond" truecount="2" falsecount="0"/>
      <line num="48" count="3" type="stmt"/>
      <line num="49" count="3" type="stmt"/>
      <line num="50" count="3" type="stmt"/>
      <line num="53" count="15" type="cond" truecount="2" falsecount="0"/>
      <line num="54" count="12" type="stmt"/>
      <line num="55" count="12" type="stmt"/>
      <line num="57" count="15" type="stmt"/>
      <line num="60" count="8" type="stmt"/>
      <line num="69" count="9" type="stmt"/>
      <line num="71" count="9" type="stmt"/>
      <line num="72" count="45" type="stmt"/>
      <line num="73" count="45" type="stmt"/>
      <line num="74" count="45" type="stmt"/>
      <line num="76" count="45" type="cond" truecount="4" falsecount="0"/>
      <line num="78" count="14" type="cond" truecount="2" falsecount="0"/>
      <line num="79" count="45" type="cond" truecount="2" falsecount="0"/>
      <line num="81" count="45" type="stmt"/>
      <line num="82" count="45" type="stmt"/>
      <line num="87" count="45" type="stmt"/>
      <line num="96" count="9" type="stmt"/>
      <line num="102" count="9" type="stmt"/>
      <line num="103" count="9" type="stmt"/>
      <line num="105" count="9" type="stmt"/>
      <line num="107" count="9" type="stmt"/>
      <line num="108" count="11" type="cond" truecount="4" falsecount="0"/>
      <line num="110" count="10" type="cond" truecount="2" falsecount="0"/>
      <line num="111" count="11" type="cond" truecount="2" falsecount="0"/>
      <line num="113" count="11" type="stmt"/>
      <line num="114" count="11" type="stmt"/>
      <line num="116" count="11" type="stmt"/>
      <line num="125" count="9" type="stmt"/>
      <line num="126" count="3" type="cond" truecount="2" falsecount="0"/>
      <line num="127" count="1" type="stmt"/>
      <line num="130" count="9" type="stmt"/>
      <line num="131" count="9" type="stmt"/>
      <line num="133" count="9" type="stmt"/>
      <line num="134" count="10" type="stmt"/>
      <line num="135" count="10" type="stmt"/>
      <line num="136" count="3" type="cond" truecount="2" falsecount="0"/>
      <line num="137" count="1" type="stmt"/>
      <line num="138" count="1" type="stmt"/>
      <line num="139" count="1" type="stmt"/>
      <line num="142" count="10" type="cond" truecount="2" falsecount="0"/>
      <line num="143" count="9" type="stmt"/>
      <line num="144" count="9" type="stmt"/>
      <line num="146" count="10" type="stmt"/>
      <line num="149" count="9" type="stmt"/>
      <line num="155" count="10" type="cond" truecount="2" falsecount="0"/>
      <line num="157" count="13" type="stmt"/>
      <line num="160" count="9" type="stmt"/>
      <line num="161" count="9" type="stmt"/>
      <line num="163" count="9" type="stmt"/>
      <line num="164" count="22" type="stmt"/>
      <line num="165" count="22" type="stmt"/>
      <line num="166" count="15" type="cond" truecount="2" falsecount="0"/>
      <line num="167" count="6" type="stmt"/>
      <line num="168" count="6" type="stmt"/>
      <line num="169" count="6" type="stmt"/>
      <line num="172" count="22" type="cond" truecount="2" falsecount="0"/>
      <line num="173" count="16" type="stmt"/>
      <line num="174" count="16" type="stmt"/>
      <line num="176" count="22" type="stmt"/>
      <line num="179" count="9" type="stmt"/>
      <line num="182" count="22" type="stmt"/>
      <line num="184" count="91" type="cond" truecount="2" falsecount="0"/>
      <line num="185" count="91" type="stmt"/>
      <line num="187" count="9" type="stmt"/>
      <line num="188" count="22" type="stmt"/>
      <line num="189" count="20" type="cond" truecount="2" falsecount="0"/>
      <line num="193" count="11" type="stmt"/>
      <line num="199" count="9" type="stmt"/>
      <line num="200" count="9" type="stmt"/>
      <line num="201" count="22" type="stmt"/>
      <line num="202" count="22" type="cond" truecount="2" falsecount="0"/>
      <line num="203" count="22" type="cond" truecount="2" falsecount="0"/>
      <line num="207" count="9" type="stmt"/>
      <line num="208" count="22" type="cond" truecount="2" falsecount="0"/>
      <line num="210" count="22" type="stmt"/>
      <line num="211" count="22" type="stmt"/>
      <line num="212" count="11" type="stmt"/>
      <line num="213" count="11" type="stmt"/>
      <line num="214" count="28" type="cond" truecount="2" falsecount="0"/>
      <line num="215" count="19" type="cond" truecount="2" falsecount="0"/>
      <line num="220" count="10" type="stmt"/>
      <line num="221" count="10" type="stmt"/>
      <line num="224" count="11" type="cond" truecount="2" falsecount="0"/>
      <line num="225" count="1" type="stmt"/>
      <line num="228" count="22" type="stmt"/>
    </file>
    <file name="calendar-move.ts" path="/Users/jinseunghyeon/Desktop/jin/project/rally/src/renderer/src/features/schedule/manage-schedule/model/calendar-move.ts">
      <metrics statements="9" coveredstatements="9" conditionals="4" coveredconditionals="4" methods="3" coveredmethods="3"/>
      <line num="9" count="8" type="stmt"/>
      <line num="19" count="11" type="stmt"/>
      <line num="20" count="11" type="stmt"/>
      <line num="21" count="11" type="stmt"/>
      <line num="37" count="4" type="cond" truecount="2" falsecount="0"/>
      <line num="39" count="3" type="stmt"/>
      <line num="41" count="3" type="cond" truecount="2" falsecount="0"/>
      <line num="42" count="1" type="stmt"/>
      <line num="44" count="2" type="stmt"/>
    </file>
    <file name="calendar-predicates.ts" path="/Users/jinseunghyeon/Desktop/jin/project/rally/src/renderer/src/features/schedule/manage-schedule/model/calendar-predicates.ts">
      <metrics statements="4" coveredstatements="4" conditionals="2" coveredconditionals="2" methods="2" coveredmethods="2"/>
      <line num="5" count="33" type="stmt"/>
      <line num="9" count="6" type="stmt"/>
      <line num="10" count="6" type="stmt"/>
      <line num="11" count="6" type="cond" truecount="2" falsecount="0"/>
    </file>
    <file name="calendar-time.ts" path="/Users/jinseunghyeon/Desktop/jin/project/rally/src/renderer/src/features/schedule/manage-schedule/model/calendar-time.ts">
      <metrics statements="3" coveredstatements="3" conditionals="0" coveredconditionals="0" methods="4" coveredmethods="4"/>
      <line num="10" count="54" type="stmt"/>
      <line num="17" count="7" type="stmt"/>
      <line num="21" count="9" type="stmt"/>
    </file>
    <file name="schedule-color.ts" path="/Users/jinseunghyeon/Desktop/jin/project/rally/src/renderer/src/features/schedule/manage-schedule/model/schedule-color.ts">
      <metrics statements="3" coveredstatements="3" conditionals="2" coveredconditionals="2" methods="1" coveredmethods="1"/>
      <line num="3" count="2" type="stmt"/>
      <line num="14" count="2" type="stmt"/>
      <line num="21" count="12" type="cond" truecount="2" falsecount="0"/>
    </file>
    <file name="schedule-style.ts" path="/Users/jinseunghyeon/Desktop/jin/project/rally/src/renderer/src/features/schedule/manage-schedule/model/schedule-style.ts">
      <metrics statements="6" coveredstatements="6" conditionals="8" coveredconditionals="8" methods="2" coveredmethods="2"/>
      <line num="6" count="6" type="stmt"/>
      <line num="7" count="6" type="stmt"/>
      <line num="8" count="6" type="stmt"/>
      <line num="16" count="2" type="stmt"/>
      <line num="17" count="2" type="stmt"/>
      <line num="18" count="2" type="stmt"/>
    </file>
    <file name="use-calendar.ts" path="/Users/jinseunghyeon/Desktop/jin/project/rally/src/renderer/src/features/schedule/manage-schedule/model/use-calendar.ts">
      <metrics statements="32" coveredstatements="32" conditionals="20" coveredconditionals="20" methods="9" coveredmethods="9"/>
      <line num="41" count="41" type="stmt"/>
      <line num="44" count="41" type="stmt"/>
      <line num="47" count="41" type="stmt"/>
      <line num="50" count="2" type="stmt"/>
      <line num="51" count="2" type="stmt"/>
      <line num="55" count="1" type="stmt"/>
      <line num="56" count="1" type="stmt"/>
      <line num="60" count="6" type="stmt"/>
      <line num="61" count="6" type="cond" truecount="2" falsecount="0"/>
      <line num="62" count="4" type="cond" truecount="2" falsecount="0"/>
      <line num="63" count="2" type="stmt"/>
      <line num="68" count="7" type="stmt"/>
      <line num="69" count="7" type="cond" truecount="2" falsecount="0"/>
      <line num="70" count="4" type="cond" truecount="2" falsecount="0"/>
      <line num="71" count="2" type="stmt"/>
      <line num="75" count="41" type="stmt"/>
      <line num="76" count="41" type="cond" truecount="2" falsecount="0"/>
      <line num="77" count="20" type="stmt"/>
      <line num="79" count="21" type="cond" truecount="2" falsecount="0"/>
      <line num="80" count="12" type="stmt"/>
      <line num="81" count="12" type="stmt"/>
      <line num="82" count="12" type="stmt"/>
      <line num="84" count="9" type="stmt"/>
      <line num="87" count="41" type="stmt"/>
      <line num="88" count="41" type="cond" truecount="2" falsecount="0"/>
      <line num="89" count="20" type="stmt"/>
      <line num="90" count="20" type="stmt"/>
      <line num="91" count="20" type="stmt"/>
      <line num="93" count="21" type="cond" truecount="2" falsecount="0"/>
      <line num="94" count="12" type="stmt"/>
      <line num="96" count="9" type="stmt"/>
      <line num="99" count="41" type="stmt"/>
    </file>
    <file name="use-day-dnd.ts" path="/Users/jinseunghyeon/Desktop/jin/project/rally/src/renderer/src/features/schedule/manage-schedule/model/use-day-dnd.ts">
      <metrics statements="32" coveredstatements="32" conditionals="16" coveredconditionals="16" methods="4" coveredmethods="4"/>
      <line num="41" count="26" type="stmt"/>
      <line num="42" count="26" type="stmt"/>
      <line num="43" count="26" type="stmt"/>
      <line num="44" count="26" type="stmt"/>
      <line num="47" count="7" type="stmt"/>
      <line num="48" count="7" type="cond" truecount="2" falsecount="0"/>
      <line num="49" count="7" type="cond" truecount="2" falsecount="0"/>
      <line num="51" count="7" type="stmt"/>
      <line num="54" count="7" type="cond" truecount="2" falsecount="0"/>
      <line num="55" count="1" type="stmt"/>
      <line num="60" count="3" type="stmt"/>
      <line num="61" count="3" type="stmt"/>
      <line num="65" count="8" type="stmt"/>
      <line num="66" count="8" type="stmt"/>
      <line num="67" count="8" type="stmt"/>
      <line num="68" count="8" type="cond" truecount="2" falsecount="0"/>
      <line num="70" count="7" type="stmt"/>
      <line num="71" count="7" type="cond" truecount="2" falsecount="0"/>
      <line num="73" count="6" type="stmt"/>
      <line num="75" count="6" type="cond" truecount="2" falsecount="0"/>
      <line num="76" count="4" type="stmt"/>
      <line num="77" count="4" type="cond" truecount="2" falsecount="0"/>
      <line num="78" count="4" type="cond" truecount="2" falsecount="0"/>
      <line num="79" count="4" type="stmt"/>
      <line num="80" count="4" type="stmt"/>
      <line num="82" count="4" type="stmt"/>
      <line num="83" count="4" type="stmt"/>
      <line num="84" count="4" type="stmt"/>
      <line num="85" count="4" type="stmt"/>
      <line num="87" count="4" type="stmt"/>
      <line num="93" count="2" type="stmt"/>
      <line num="102" count="26" type="stmt"/>
    </file>
    <file name="use-schedule-resize.ts" path="/Users/jinseunghyeon/Desktop/jin/project/rally/src/renderer/src/features/schedule/manage-schedule/model/use-schedule-resize.ts">
      <metrics statements="30" coveredstatements="30" conditionals="16" coveredconditionals="16" methods="4" coveredmethods="4"/>
      <line num="35" count="40" type="stmt"/>
      <line num="39" count="40" type="stmt"/>
      <line num="46" count="13" type="stmt"/>
      <line num="47" count="13" type="stmt"/>
      <line num="48" count="13" type="stmt"/>
      <line num="49" count="13" type="stmt"/>
      <line num="52" count="15" type="stmt"/>
      <line num="53" count="15" type="stmt"/>
      <line num="57" count="13" type="stmt"/>
      <line num="59" count="13" type="cond" truecount="2" falsecount="0"/>
      <line num="60" count="12" type="stmt"/>
      <line num="62" count="12" type="cond" truecount="2" falsecount="0"/>
      <line num="63" count="3" type="stmt"/>
      <line num="64" count="3" type="cond" truecount="2" falsecount="0"/>
      <line num="65" count="3" type="cond" truecount="2" falsecount="0"/>
      <line num="66" count="3" type="cond" truecount="2" falsecount="0"/>
      <line num="67" count="3" type="cond" truecount="2" falsecount="0"/>
      <line num="69" count="3" type="stmt"/>
      <line num="70" count="3" type="stmt"/>
      <line num="71" count="3" type="stmt"/>
      <line num="72" count="3" type="stmt"/>
      <line num="74" count="3" type="stmt"/>
      <line num="80" count="9" type="stmt"/>
      <line num="91" count="13" type="stmt"/>
      <line num="92" count="13" type="stmt"/>
      <line num="93" count="13" type="stmt"/>
      <line num="94" count="13" type="stmt"/>
      <line num="97" count="13" type="stmt"/>
      <line num="98" count="13" type="stmt"/>
      <line num="101" count="40" type="stmt"/>
    </file>
  </project>
</coverage>
