{
  "/Users/jinseunghyeon/Desktop/jin/project/rally/src/renderer/src/features/schedule/manage-schedule/model/calendar-constants.ts": {
    "path": "/Users/jinseunghyeon/Desktop/jin/project/rally/src/renderer/src/features/schedule/manage-schedule/model/calendar-constants.ts",
    "statementMap": {
      "0": { "start": { "line": 1, "column": 30 }, "end": { "line": 1, "column": null } },
      "1": { "start": { "line": 3, "column": 32 }, "end": { "line": 3, "column": null } },
      "2": { "start": { "line": 4, "column": 31 }, "end": { "line": 4, "column": null } },
      "3": { "start": { "line": 5, "column": 23 }, "end": { "line": 5, "column": null } },
      "4": { "start": { "line": 6, "column": 27 }, "end": { "line": 6, "column": null } },
      "5": { "start": { "line": 7, "column": 26 }, "end": { "line": 7, "column": null } },
      "6": { "start": { "line": 9, "column": 41 }, "end": { "line": 9, "column": null } }
    },
    "fnMap": {},
    "branchMap": {},
    "s": { "0": 1, "1": 1, "2": 1, "3": 1, "4": 1, "5": 1, "6": 1 },
    "f": {},
    "b": {},
    "meta": {
      "lastBranch": 0,
      "lastFunction": 0,
      "lastStatement": 7,
      "seen": {
        "s:1:30:1:Infinity": 0,
        "s:3:32:3:Infinity": 1,
        "s:4:31:4:Infinity": 2,
        "s:5:23:5:Infinity": 3,
        "s:6:27:6:Infinity": 4,
        "s:7:26:7:Infinity": 5,
        "s:9:41:9:Infinity": 6
      }
    }
  },
  "/Users/jinseunghyeon/Desktop/jin/project/rally/src/renderer/src/features/schedule/manage-schedule/model/calendar-grid.ts": {
    "path": "/Users/jinseunghyeon/Desktop/jin/project/rally/src/renderer/src/features/schedule/manage-schedule/model/calendar-grid.ts",
    "statementMap": {
      "0": { "start": { "line": 10, "column": 8 }, "end": { "line": 10, "column": null } },
      "1": { "start": { "line": 11, "column": 19 }, "end": { "line": 11, "column": null } },
      "2": { "start": { "line": 12, "column": 8 }, "end": { "line": 12, "column": null } },
      "3": { "start": { "line": 13, "column": 8 }, "end": { "line": 13, "column": null } },
      "4": { "start": { "line": 15, "column": 34 }, "end": { "line": 15, "column": null } },
      "5": { "start": { "line": 16, "column": 16 }, "end": { "line": 16, "column": null } },
      "6": { "start": { "line": 18, "column": 2 }, "end": { "line": 29, "column": null } },
      "7": { "start": { "line": 19, "column": 33 }, "end": { "line": 19, "column": null } },
      "8": { "start": { "line": 20, "column": 4 }, "end": { "line": 27, "column": null } },
      "9": { "start": { "line": 20, "column": 17 }, "end": { "line": 20, "column": 20 } },
      "10": { "start": { "line": 21, "column": 6 }, "end": { "line": 25, "column": null } },
      "11": { "start": { "line": 26, "column": 6 }, "end": { "line": 26, "column": null } },
      "12": { "start": { "line": 28, "column": 4 }, "end": { "line": 28, "column": null } },
      "13": { "start": { "line": 31, "column": 2 }, "end": { "line": 31, "column": null } },
      "14": { "start": { "line": 35, "column": 8 }, "end": { "line": 35, "column": null } },
      "15": { "start": { "line": 36, "column": 2 }, "end": { "line": 36, "column": null } },
      "16": { "start": { "line": 36, "column": 39 }, "end": { "line": 36, "column": 66 } }
    },
    "fnMap": {
      "0": {
        "name": "getMonthGrid",
        "decl": { "start": { "line": 9, "column": 16 }, "end": { "line": 9, "column": 29 } },
        "loc": { "start": { "line": 9, "column": 76 }, "end": { "line": 32, "column": null } },
        "line": 9
      },
      "1": {
        "name": "getWeekDates",
        "decl": { "start": { "line": 34, "column": 16 }, "end": { "line": 34, "column": 29 } },
        "loc": { "start": { "line": 34, "column": 49 }, "end": { "line": 37, "column": null } },
        "line": 34
      },
      "2": {
        "name": "(anonymous_2)",
        "decl": { "start": { "line": 36, "column": 35 }, "end": { "line": 36, "column": 36 } },
        "loc": { "start": { "line": 36, "column": 39 }, "end": { "line": 36, "column": 66 } },
        "line": 36
      }
    },
    "branchMap": {},
    "s": {
      "0": 9,
      "1": 9,
      "2": 9,
      "3": 9,
      "4": 9,
      "5": 9,
      "6": 9,
      "7": 45,
      "8": 45,
      "9": 45,
      "10": 315,
      "11": 315,
      "12": 45,
      "13": 9,
      "14": 4,
      "15": 4,
      "16": 28
    },
    "f": { "0": 9, "1": 4, "2": 28 },
    "b": {},
    "meta": {
      "lastBranch": 0,
      "lastFunction": 3,
      "lastStatement": 17,
      "seen": {
        "f:9:16:9:29": 0,
        "s:10:8:10:Infinity": 0,
        "s:11:19:11:Infinity": 1,
        "s:12:8:12:Infinity": 2,
        "s:13:8:13:Infinity": 3,
        "s:15:34:15:Infinity": 4,
        "s:16:16:16:Infinity": 5,
        "s:18:2:29:Infinity": 6,
        "s:19:33:19:Infinity": 7,
        "s:20:4:27:Infinity": 8,
        "s:20:17:20:20": 9,
        "s:21:6:25:Infinity": 10,
        "s:26:6:26:Infinity": 11,
        "s:28:4:28:Infinity": 12,
        "s:31:2:31:Infinity": 13,
        "f:34:16:34:29": 1,
        "s:35:8:35:Infinity": 14,
        "s:36:2:36:Infinity": 15,
        "f:36:35:36:36": 2,
        "s:36:39:36:66": 16
      }
    }
  },
  "/Users/jinseunghyeon/Desktop/jin/project/rally/src/renderer/src/features/schedule/manage-schedule/model/calendar-layout.ts": {
    "path": "/Users/jinseunghyeon/Desktop/jin/project/rally/src/renderer/src/features/schedule/manage-schedule/model/calendar-layout.ts",
    "statementMap": {
      "0": { "start": { "line": 36, "column": 38 }, "end": { "line": 36, "column": null } },
      "1": { "start": { "line": 37, "column": 67 }, "end": { "line": 37, "column": null } },
      "2": { "start": { "line": 39, "column": 17 }, "end": { "line": 42, "column": null } },
      "3": { "start": { "line": 40, "column": 4 }, "end": { "line": 40, "column": null } },
      "4": { "start": { "line": 40, "column": 35 }, "end": { "line": 40, "column": null } },
      "5": { "start": { "line": 41, "column": 4 }, "end": { "line": 41, "column": null } },
      "6": { "start": { "line": 44, "column": 2 }, "end": { "line": 58, "column": null } },
      "7": { "start": { "line": 45, "column": 15 }, "end": { "line": 45, "column": null } },
      "8": { "start": { "line": 46, "column": 4 }, "end": { "line": 52, "column": null } },
      "9": { "start": { "line": 46, "column": 17 }, "end": { "line": 46, "column": 20 } },
      "10": { "start": { "line": 47, "column": 6 }, "end": { "line": 51, "column": null } },
      "11": { "start": { "line": 48, "column": 8 }, "end": { "line": 48, "column": null } },
      "12": { "start": { "line": 49, "column": 8 }, "end": { "line": 49, "column": null } },
      "13": { "start": { "line": 50, "column": 8 }, "end": { "line": 50, "column": null } },
      "14": { "start": { "line": 53, "column": 4 }, "end": { "line": 56, "column": null } },
      "15": { "start": { "line": 54, "column": 6 }, "end": { "line": 54, "column": null } },
      "16": { "start": { "line": 55, "column": 6 }, "end": { "line": 55, "column": null } },
      "17": { "start": { "line": 57, "column": 4 }, "end": { "line": 57, "column": null } },
      "18": { "start": { "line": 60, "column": 2 }, "end": { "line": 60, "column": null } },
      "19": { "start": { "line": 69, "column": 37 }, "end": { "line": 69, "column": null } },
      "20": { "start": { "line": 71, "column": 2 }, "end": { "line": 94, "column": null } },
      "21": { "start": { "line": 71, "column": 21 }, "end": { "line": 71, "column": 24 } },
      "22": { "start": { "line": 72, "column": 17 }, "end": { "line": 72, "column": null } },
      "23": { "start": { "line": 73, "column": 10 }, "end": { "line": 73, "column": null } },
      "24": { "start": { "line": 74, "column": 10 }, "end": { "line": 74, "column": null } },
      "25": { "start": { "line": 76, "column": 4 }, "end": { "line": 76, "column": null } },
      "26": { "start": { "line": 76, "column": 66 }, "end": { "line": 76, "column": null } },
      "27": { "start": { "line": 78, "column": 27 }, "end": { "line": 78, "column": null } },
      "28": { "start": { "line": 79, "column": 25 }, "end": { "line": 79, "column": null } },
      "29": { "start": { "line": 81, "column": 10 }, "end": { "line": 81, "column": null } },
      "30": { "start": { "line": 82, "column": 21 }, "end": { "line": 85, "column": null } },
      "31": { "start": { "line": 87, "column": 4 }, "end": { "line": 93, "column": null } },
      "32": { "start": { "line": 96, "column": 2 }, "end": { "line": 96, "column": null } },
      "33": { "start": { "line": 102, "column": 8 }, "end": { "line": 102, "column": null } },
      "34": { "start": { "line": 103, "column": 8 }, "end": { "line": 103, "column": null } },
      "35": { "start": { "line": 105, "column": 41 }, "end": { "line": 105, "column": null } },
      "36": { "start": { "line": 107, "column": 2 }, "end": { "line": 123, "column": null } },
      "37": { "start": { "line": 108, "column": 4 }, "end": { "line": 108, "column": null } },
      "38": { "start": { "line": 108, "column": 52 }, "end": { "line": 108, "column": null } },
      "39": { "start": { "line": 110, "column": 27 }, "end": { "line": 110, "column": null } },
      "40": { "start": { "line": 111, "column": 25 }, "end": { "line": 111, "column": null } },
      "41": { "start": { "line": 113, "column": 10 }, "end": { "line": 113, "column": null } },
      "42": { "start": { "line": 114, "column": 10 }, "end": { "line": 114, "column": null } },
      "43": { "start": { "line": 116, "column": 4 }, "end": { "line": 122, "column": null } },
      "44": { "start": { "line": 125, "column": 17 }, "end": { "line": 128, "column": null } },
      "45": { "start": { "line": 126, "column": 4 }, "end": { "line": 126, "column": null } },
      "46": { "start": { "line": 126, "column": 35 }, "end": { "line": 126, "column": null } },
      "47": { "start": { "line": 127, "column": 4 }, "end": { "line": 127, "column": null } },
      "48": { "start": { "line": 130, "column": 38 }, "end": { "line": 130, "column": null } },
      "49": { "start": { "line": 131, "column": 28 }, "end": { "line": 131, "column": null } },
      "50": { "start": { "line": 133, "column": 2 }, "end": { "line": 147, "column": null } },
      "51": { "start": { "line": 134, "column": 15 }, "end": { "line": 134, "column": null } },
      "52": { "start": { "line": 135, "column": 4 }, "end": { "line": 141, "column": null } },
      "53": { "start": { "line": 135, "column": 17 }, "end": { "line": 135, "column": 20 } },
      "54": { "start": { "line": 136, "column": 6 }, "end": { "line": 140, "column": null } },
      "55": { "start": { "line": 137, "column": 8 }, "end": { "line": 137, "column": null } },
      "56": { "start": { "line": 138, "column": 8 }, "end": { "line": 138, "column": null } },
      "57": { "start": { "line": 139, "column": 8 }, "end": { "line": 139, "column": null } },
      "58": { "start": { "line": 142, "column": 4 }, "end": { "line": 145, "column": null } },
      "59": { "start": { "line": 143, "column": 6 }, "end": { "line": 143, "column": null } },
      "60": { "start": { "line": 144, "column": 6 }, "end": { "line": 144, "column": null } },
      "61": { "start": { "line": 146, "column": 4 }, "end": { "line": 146, "column": null } },
      "62": { "start": { "line": 149, "column": 2 }, "end": { "line": 149, "column": null } },
      "63": { "start": { "line": 155, "column": 2 }, "end": { "line": 155, "column": null } },
      "64": { "start": { "line": 155, "column": 30 }, "end": { "line": 155, "column": null } },
      "65": { "start": { "line": 157, "column": 17 }, "end": { "line": 157, "column": null } },
      "66": { "start": { "line": 157, "column": 47 }, "end": { "line": 157, "column": 88 } },
      "67": { "start": { "line": 160, "column": 65 }, "end": { "line": 160, "column": null } },
      "68": { "start": { "line": 161, "column": 29 }, "end": { "line": 161, "column": null } },
      "69": { "start": { "line": 163, "column": 2 }, "end": { "line": 177, "column": null } },
      "70": { "start": { "line": 164, "column": 14 }, "end": { "line": 164, "column": null } },
      "71": { "start": { "line": 165, "column": 4 }, "end": { "line": 171, "column": null } },
      "72": { "start": { "line": 165, "column": 17 }, "end": { "line": 165, "column": 20 } },
      "73": { "start": { "line": 166, "column": 6 }, "end": { "line": 170, "column": null } },
      "74": { "start": { "line": 167, "column": 8 }, "end": { "line": 167, "column": null } },
      "75": { "start": { "line": 168, "column": 8 }, "end": { "line": 168, "column": null } },
      "76": { "start": { "line": 169, "column": 8 }, "end": { "line": 169, "column": null } },
      "77": { "start": { "line": 172, "column": 4 }, "end": { "line": 175, "column": null } },
      "78": { "start": { "line": 173, "column": 6 }, "end": { "line": 173, "column": null } },
      "79": { "start": { "line": 174, "column": 6 }, "end": { "line": 174, "column": null } },
      "80": { "start": { "line": 176, "column": 4 }, "end": { "line": 176, "column": null } },
      "81": { "start": { "line": 179, "column": 12 }, "end": { "line": 179, "column": null } },
      "82": { "start": { "line": 182, "column": 17 }, "end": { "line": 182, "column": null } },
      "83": { "start": { "line": 182, "column": 53 }, "end": { "line": 182, "column": 54 } },
      "84": { "start": { "line": 184, "column": 4 }, "end": { "line": 184, "column": null } },
      "85": { "start": { "line": 184, "column": 25 }, "end": { "line": 184, "column": null } },
      "86": { "start": { "line": 185, "column": 4 }, "end": { "line": 185, "column": null } },
      "87": { "start": { "line": 187, "column": 2 }, "end": { "line": 196, "column": null } },
      "88": { "start": { "line": 187, "column": 15 }, "end": { "line": 187, "column": 18 } },
      "89": { "start": { "line": 188, "column": 4 }, "end": { "line": 195, "column": null } },
      "90": { "start": { "line": 188, "column": 17 }, "end": { "line": 188, "column": 24 } },
      "91": { "start": { "line": 189, "column": 6 }, "end": { "line": 194, "column": null } },
      "92": { "start": { "line": 193, "column": 8 }, "end": { "line": 193, "column": null } },
      "93": { "start": { "line": 199, "column": 24 }, "end": { "line": 199, "column": null } },
      "94": { "start": { "line": 200, "column": 2 }, "end": { "line": 204, "column": null } },
      "95": { "start": { "line": 200, "column": 15 }, "end": { "line": 200, "column": 18 } },
      "96": { "start": { "line": 201, "column": 17 }, "end": { "line": 201, "column": null } },
      "97": { "start": { "line": 202, "column": 16 }, "end": { "line": 202, "column": null } },
      "98": { "start": { "line": 203, "column": 4 }, "end": { "line": 203, "column": null } },
      "99": { "start": { "line": 203, "column": 34 }, "end": { "line": 203, "column": null } },
      "100": { "start": { "line": 207, "column": 2 }, "end": { "line": 229, "column": null } },
      "101": { "start": { "line": 208, "column": 10 }, "end": { "line": 208, "column": null } },
      "102": { "start": { "line": 210, "column": 15 }, "end": { "line": 210, "column": null } },
      "103": { "start": { "line": 211, "column": 4 }, "end": { "line": 226, "column": null } },
      "104": { "start": { "line": 211, "column": 23 }, "end": { "line": 211, "column": 35 } },
      "105": { "start": { "line": 212, "column": 21 }, "end": { "line": 212, "column": null } },
      "106": { "start": { "line": 213, "column": 6 }, "end": { "line": 223, "column": null } },
      "107": { "start": { "line": 213, "column": 19 }, "end": { "line": 213, "column": 22 } },
      "108": { "start": { "line": 214, "column": 8 }, "end": { "line": 214, "column": null } },
      "109": { "start": { "line": 214, "column": 23 }, "end": { "line": 214, "column": null } },
      "110": { "start": { "line": 215, "column": 8 }, "end": { "line": 222, "column": null } },
      "111": { "start": { "line": 220, "column": 10 }, "end": { "line": 220, "column": null } },
      "112": { "start": { "line": 221, "column": 10 }, "end": { "line": 221, "column": null } },
      "113": { "start": { "line": 224, "column": 6 }, "end": { "line": 224, "column": null } },
      "114": { "start": { "line": 224, "column": 20 }, "end": { "line": 224, "column": null } },
      "115": { "start": { "line": 225, "column": 6 }, "end": { "line": 225, "column": null } },
      "116": { "start": { "line": 228, "column": 4 }, "end": { "line": 228, "column": null } }
    },
    "fnMap": {
      "0": {
        "name": "assignLanes",
        "decl": { "start": { "line": 33, "column": 16 }, "end": { "line": 33, "column": null } },
        "loc": { "start": { "line": 35, "column": 52 }, "end": { "line": 61, "column": null } },
        "line": 35
      },
      "1": {
        "name": "(anonymous_1)",
        "decl": { "start": { "line": 39, "column": 36 }, "end": { "line": 39, "column": 37 } },
        "loc": { "start": { "line": 39, "column": 46 }, "end": { "line": 42, "column": 3 } },
        "line": 39
      },
      "2": {
        "name": "splitBarByWeeks",
        "decl": { "start": { "line": 65, "column": 16 }, "end": { "line": 65, "column": null } },
        "loc": { "start": { "line": 68, "column": 20 }, "end": { "line": 97, "column": null } },
        "line": 68
      },
      "3": {
        "name": "computeWeekBars",
        "decl": { "start": { "line": 101, "column": 16 }, "end": { "line": 101, "column": 32 } },
        "loc": { "start": { "line": 101, "column": 88 }, "end": { "line": 150, "column": null } },
        "line": 101
      },
      "4": {
        "name": "(anonymous_4)",
        "decl": { "start": { "line": 125, "column": 33 }, "end": { "line": 125, "column": 34 } },
        "loc": { "start": { "line": 125, "column": 43 }, "end": { "line": 128, "column": 3 } },
        "line": 125
      },
      "5": {
        "name": "layoutOverlappingSchedules",
        "decl": { "start": { "line": 154, "column": 16 }, "end": { "line": 154, "column": 43 } },
        "loc": { "start": { "line": 154, "column": 90 }, "end": { "line": 230, "column": null } },
        "line": 154
      },
      "6": {
        "name": "(anonymous_6)",
        "decl": { "start": { "line": 157, "column": 37 }, "end": { "line": 157, "column": 38 } },
        "loc": { "start": { "line": 157, "column": 47 }, "end": { "line": 157, "column": 88 } },
        "line": 157
      },
      "7": {
        "name": "(anonymous_7)",
        "decl": { "start": { "line": 182, "column": 43 }, "end": { "line": 182, "column": 44 } },
        "loc": { "start": { "line": 182, "column": 53 }, "end": { "line": 182, "column": 54 } },
        "line": 182
      },
      "8": {
        "name": "find",
        "decl": { "start": { "line": 183, "column": 11 }, "end": { "line": 183, "column": 16 } },
        "loc": { "start": { "line": 183, "column": 35 }, "end": { "line": 186, "column": null } },
        "line": 183
      },
      "9": {
        "name": "(anonymous_9)",
        "decl": { "start": { "line": 207, "column": 22 }, "end": { "line": 207, "column": 23 } },
        "loc": { "start": { "line": 207, "column": 53 }, "end": { "line": 229, "column": 3 } },
        "line": 207
      }
    },
    "branchMap": {
      "0": {
        "loc": { "start": { "line": 40, "column": 4 }, "end": { "line": 40, "column": null } },
        "type": "if",
        "locations": [
          { "start": { "line": 40, "column": 4 }, "end": { "line": 40, "column": null } },
          { "start": {}, "end": {} }
        ],
        "line": 40
      },
      "1": {
        "loc": { "start": { "line": 47, "column": 6 }, "end": { "line": 51, "column": null } },
        "type": "if",
        "locations": [
          { "start": { "line": 47, "column": 6 }, "end": { "line": 51, "column": null } },
          { "start": {}, "end": {} }
        ],
        "line": 47
      },
      "2": {
        "loc": { "start": { "line": 53, "column": 4 }, "end": { "line": 56, "column": null } },
        "type": "if",
        "locations": [
          { "start": { "line": 53, "column": 4 }, "end": { "line": 56, "column": null } },
          { "start": {}, "end": {} }
        ],
        "line": 53
      },
      "3": {
        "loc": { "start": { "line": 76, "column": 4 }, "end": { "line": 76, "column": null } },
        "type": "if",
        "locations": [
          { "start": { "line": 76, "column": 4 }, "end": { "line": 76, "column": null } },
          { "start": {}, "end": {} }
        ],
        "line": 76
      },
      "4": {
        "loc": { "start": { "line": 76, "column": 8 }, "end": { "line": 76, "column": 66 } },
        "type": "binary-expr",
        "locations": [
          { "start": { "line": 76, "column": 8 }, "end": { "line": 76, "column": 38 } },
          { "start": { "line": 76, "column": 38 }, "end": { "line": 76, "column": 66 } }
        ],
        "line": 76
      },
      "5": {
        "loc": { "start": { "line": 78, "column": 27 }, "end": { "line": 78, "column": null } },
        "type": "cond-expr",
        "locations": [
          { "start": { "line": 78, "column": 58 }, "end": { "line": 78, "column": 70 } },
          { "start": { "line": 78, "column": 70 }, "end": { "line": 78, "column": null } }
        ],
        "line": 78
      },
      "6": {
        "loc": { "start": { "line": 79, "column": 25 }, "end": { "line": 79, "column": null } },
        "type": "cond-expr",
        "locations": [
          { "start": { "line": 79, "column": 52 }, "end": { "line": 79, "column": 62 } },
          { "start": { "line": 79, "column": 62 }, "end": { "line": 79, "column": null } }
        ],
        "line": 79
      },
      "7": {
        "loc": { "start": { "line": 108, "column": 4 }, "end": { "line": 108, "column": null } },
        "type": "if",
        "locations": [
          { "start": { "line": 108, "column": 4 }, "end": { "line": 108, "column": null } },
          { "start": {}, "end": {} }
        ],
        "line": 108
      },
      "8": {
        "loc": { "start": { "line": 108, "column": 8 }, "end": { "line": 108, "column": 52 } },
        "type": "binary-expr",
        "locations": [
          { "start": { "line": 108, "column": 8 }, "end": { "line": 108, "column": 31 } },
          { "start": { "line": 108, "column": 31 }, "end": { "line": 108, "column": 52 } }
        ],
        "line": 108
      },
      "9": {
        "loc": { "start": { "line": 110, "column": 27 }, "end": { "line": 110, "column": null } },
        "type": "cond-expr",
        "locations": [
          { "start": { "line": 110, "column": 51 }, "end": { "line": 110, "column": 63 } },
          { "start": { "line": 110, "column": 63 }, "end": { "line": 110, "column": null } }
        ],
        "line": 110
      },
      "10": {
        "loc": { "start": { "line": 111, "column": 25 }, "end": { "line": 111, "column": null } },
        "type": "cond-expr",
        "locations": [
          { "start": { "line": 111, "column": 45 }, "end": { "line": 111, "column": 55 } },
          { "start": { "line": 111, "column": 55 }, "end": { "line": 111, "column": null } }
        ],
        "line": 111
      },
      "11": {
        "loc": { "start": { "line": 126, "column": 4 }, "end": { "line": 126, "column": null } },
        "type": "if",
        "locations": [
          { "start": { "line": 126, "column": 4 }, "end": { "line": 126, "column": null } },
          { "start": {}, "end": {} }
        ],
        "line": 126
      },
      "12": {
        "loc": { "start": { "line": 136, "column": 6 }, "end": { "line": 140, "column": null } },
        "type": "if",
        "locations": [
          { "start": { "line": 136, "column": 6 }, "end": { "line": 140, "column": null } },
          { "start": {}, "end": {} }
        ],
        "line": 136
      },
      "13": {
        "loc": { "start": { "line": 142, "column": 4 }, "end": { "line": 145, "column": null } },
        "type": "if",
        "locations": [
          { "start": { "line": 142, "column": 4 }, "end": { "line": 145, "column": null } },
          { "start": {}, "end": {} }
        ],
        "line": 142
      },
      "14": {
        "loc": { "start": { "line": 155, "column": 2 }, "end": { "line": 155, "column": null } },
        "type": "if",
        "locations": [
          { "start": { "line": 155, "column": 2 }, "end": { "line": 155, "column": null } },
          { "start": {}, "end": {} }
        ],
        "line": 155
      },
      "15": {
        "loc": { "start": { "line": 166, "column": 6 }, "end": { "line": 170, "column": null } },
        "type": "if",
        "locations": [
          { "start": { "line": 166, "column": 6 }, "end": { "line": 170, "column": null } },
          { "start": {}, "end": {} }
        ],
        "line": 166
      },
      "16": {
        "loc": { "start": { "line": 172, "column": 4 }, "end": { "line": 175, "column": null } },
        "type": "if",
        "locations": [
          { "start": { "line": 172, "column": 4 }, "end": { "line": 175, "column": null } },
          { "start": {}, "end": {} }
        ],
        "line": 172
      },
      "17": {
        "loc": { "start": { "line": 184, "column": 4 }, "end": { "line": 184, "column": null } },
        "type": "if",
        "locations": [
          { "start": { "line": 184, "column": 4 }, "end": { "line": 184, "column": null } },
          { "start": {}, "end": {} }
        ],
        "line": 184
      },
      "18": {
        "loc": { "start": { "line": 189, "column": 6 }, "end": { "line": 194, "column": null } },
        "type": "if",
        "locations": [
          { "start": { "line": 189, "column": 6 }, "end": { "line": 194, "column": null } },
          { "start": {}, "end": {} }
        ],
        "line": 189
      },
      "19": {
        "loc": { "start": { "line": 190, "column": 8 }, "end": { "line": 191, "column": null } },
        "type": "binary-expr",
        "locations": [
          { "start": { "line": 190, "column": 8 }, "end": { "line": 190, "column": null } },
          { "start": { "line": 191, "column": 8 }, "end": { "line": 191, "column": null } }
        ],
        "line": 190
      },
      "20": {
        "loc": { "start": { "line": 202, "column": 16 }, "end": { "line": 202, "column": null } },
        "type": "binary-expr",
        "locations": [
          { "start": { "line": 202, "column": 16 }, "end": { "line": 202, "column": 43 } },
          { "start": { "line": 202, "column": 43 }, "end": { "line": 202, "column": null } }
        ],
        "line": 202
      },
      "21": {
        "loc": { "start": { "line": 203, "column": 4 }, "end": { "line": 203, "column": null } },
        "type": "if",
        "locations": [
          { "start": { "line": 203, "column": 4 }, "end": { "line": 203, "column": null } },
          { "start": {}, "end": {} }
        ],
        "line": 203
      },
      "22": {
        "loc": { "start": { "line": 208, "column": 26 }, "end": { "line": 208, "column": 63 } },
        "type": "binary-expr",
        "locations": [
          { "start": { "line": 208, "column": 26 }, "end": { "line": 208, "column": 58 } },
          { "start": { "line": 208, "column": 58 }, "end": { "line": 208, "column": 63 } }
        ],
        "line": 208
      },
      "23": {
        "loc": { "start": { "line": 214, "column": 8 }, "end": { "line": 214, "column": null } },
        "type": "if",
        "locations": [
          { "start": { "line": 214, "column": 8 }, "end": { "line": 214, "column": null } },
          { "start": {}, "end": {} }
        ],
        "line": 214
      },
      "24": {
        "loc": { "start": { "line": 215, "column": 8 }, "end": { "line": 222, "column": null } },
        "type": "if",
        "locations": [
          { "start": { "line": 215, "column": 8 }, "end": { "line": 222, "column": null } },
          { "start": {}, "end": {} }
        ],
        "line": 215
      },
      "25": {
        "loc": { "start": { "line": 216, "column": 10 }, "end": { "line": 218, "column": null } },
        "type": "binary-expr",
        "locations": [
          { "start": { "line": 216, "column": 10 }, "end": { "line": 216, "column": null } },
          { "start": { "line": 217, "column": 10 }, "end": { "line": 217, "column": null } },
          { "start": { "line": 218, "column": 10 }, "end": { "line": 218, "column": null } }
        ],
        "line": 216
      },
      "26": {
        "loc": { "start": { "line": 224, "column": 6 }, "end": { "line": 224, "column": null } },
        "type": "if",
        "locations": [
          { "start": { "line": 224, "column": 6 }, "end": { "line": 224, "column": null } },
          { "start": {}, "end": {} }
        ],
        "line": 224
      }
    },
    "s": {
      "0": 8,
      "1": 8,
      "2": 8,
      "3": 8,
      "4": 4,
      "5": 4,
      "6": 8,
      "7": 15,
      "8": 15,
      "9": 15,
      "10": 10,
      "11": 3,
      "12": 3,
      "13": 3,
      "14": 15,
      "15": 12,
      "16": 12,
      "17": 15,
      "18": 8,
      "19": 9,
      "20": 9,
      "21": 9,
      "22": 45,
      "23": 45,
      "24": 45,
      "25": 45,
      "26": 31,
      "27": 14,
      "28": 45,
      "29": 45,
      "30": 45,
      "31": 45,
      "32": 9,
      "33": 9,
      "34": 9,
      "35": 9,
      "36": 9,
      "37": 11,
      "38": 1,
      "39": 10,
      "40": 11,
      "41": 11,
      "42": 11,
      "43": 11,
      "44": 9,
      "45": 3,
      "46": 2,
      "47": 1,
      "48": 9,
      "49": 9,
      "50": 9,
      "51": 10,
      "52": 10,
      "53": 10,
      "54": 3,
      "55": 1,
      "56": 1,
      "57": 1,
      "58": 10,
      "59": 9,
      "60": 9,
      "61": 10,
      "62": 9,
      "63": 10,
      "64": 1,
      "65": 9,
      "66": 13,
      "67": 9,
      "68": 9,
      "69": 9,
      "70": 22,
      "71": 22,
      "72": 22,
      "73": 15,
      "74": 6,
      "75": 6,
      "76": 6,
      "77": 22,
      "78": 16,
      "79": 16,
      "80": 22,
      "81": 9,
      "82": 9,
      "83": 22,
      "84": 91,
      "85": 25,
      "86": 91,
      "87": 9,
      "88": 9,
      "89": 22,
      "90": 22,
      "91": 20,
      "92": 11,
      "93": 9,
      "94": 9,
      "95": 9,
      "96": 22,
      "97": 22,
      "98": 22,
      "99": 8,
      "100": 9,
      "101": 22,
      "102": 22,
      "103": 22,
      "104": 22,
      "105": 11,
      "106": 11,
      "107": 11,
      "108": 28,
      "109": 9,
      "110": 19,
      "111": 10,
      "112": 10,
      "113": 11,
      "114": 10,
      "115": 1,
      "116": 22
    },
    "f": { "0": 8, "1": 8, "2": 9, "3": 9, "4": 3, "5": 10, "6": 13, "7": 22, "8": 91, "9": 22 },
    "b": {
      "0": [4, 4],
      "1": [3, 7],
      "2": [12, 3],
      "3": [31, 14],
      "4": [45, 37],
      "5": [7, 7],
      "6": [7, 7],
      "7": [1, 10],
      "8": [11, 11],
      "9": [1, 9],
      "10": [1, 9],
      "11": [2, 1],
      "12": [1, 2],
      "13": [9, 1],
      "14": [1, 9],
      "15": [6, 9],
      "16": [16, 6],
      "17": [25, 66],
      "18": [11, 9],
      "19": [20, 20],
      "20": [22, 19],
      "21": [8, 14],
      "22": [22, 5],
      "23": [9, 19],
      "24": [10, 9],
      "25": [19, 12, 12],
      "26": [10, 1]
    },
    "meta": {
      "lastBranch": 27,
      "lastFunction": 10,
      "lastStatement": 117,
      "seen": {
        "f:33:16:33:Infinity": 0,
        "s:36:38:36:Infinity": 0,
        "s:37:67:37:Infinity": 1,
        "s:39:17:42:Infinity": 2,
        "f:39:36:39:37": 1,
        "b:40:4:40:Infinity:undefined:undefined:undefined:undefined": 0,
        "s:40:4:40:Infinity": 3,
        "s:40:35:40:Infinity": 4,
        "s:41:4:41:Infinity": 5,
        "s:44:2:58:Infinity": 6,
        "s:45:15:45:Infinity": 7,
        "s:46:4:52:Infinity": 8,
        "s:46:17:46:20": 9,
        "b:47:6:51:Infinity:undefined:undefined:undefined:undefined": 1,
        "s:47:6:51:Infinity": 10,
        "s:48:8:48:Infinity": 11,
        "s:49:8:49:Infinity": 12,
        "s:50:8:50:Infinity": 13,
        "b:53:4:56:Infinity:undefined:undefined:undefined:undefined": 2,
        "s:53:4:56:Infinity": 14,
        "s:54:6:54:Infinity": 15,
        "s:55:6:55:Infinity": 16,
        "s:57:4:57:Infinity": 17,
        "s:60:2:60:Infinity": 18,
        "f:65:16:65:Infinity": 2,
        "s:69:37:69:Infinity": 19,
        "s:71:2:94:Infinity": 20,
        "s:71:21:71:24": 21,
        "s:72:17:72:Infinity": 22,
        "s:73:10:73:Infinity": 23,
        "s:74:10:74:Infinity": 24,
        "b:76:4:76:Infinity:undefined:undefined:undefined:undefined": 3,
        "s:76:4:76:Infinity": 25,
        "b:76:8:76:38:76:38:76:66": 4,
        "s:76:66:76:Infinity": 26,
        "s:78:27:78:Infinity": 27,
        "b:78:58:78:70:78:70:78:Infinity": 5,
        "s:79:25:79:Infinity": 28,
        "b:79:52:79:62:79:62:79:Infinity": 6,
        "s:81:10:81:Infinity": 29,
        "s:82:21:85:Infinity": 30,
        "s:87:4:93:Infinity": 31,
        "s:96:2:96:Infinity": 32,
        "f:101:16:101:32": 3,
        "s:102:8:102:Infinity": 33,
        "s:103:8:103:Infinity": 34,
        "s:105:41:105:Infinity": 35,
        "s:107:2:123:Infinity": 36,
        "b:108:4:108:Infinity:undefined:undefined:undefined:undefined": 7,
        "s:108:4:108:Infinity": 37,
        "b:108:8:108:31:108:31:108:52": 8,
        "s:108:52:108:Infinity": 38,
        "s:110:27:110:Infinity": 39,
        "b:110:51:110:63:110:63:110:Infinity": 9,
        "s:111:25:111:Infinity": 40,
        "b:111:45:111:55:111:55:111:Infinity": 10,
        "s:113:10:113:Infinity": 41,
        "s:114:10:114:Infinity": 42,
        "s:116:4:122:Infinity": 43,
        "s:125:17:128:Infinity": 44,
        "f:125:33:125:34": 4,
        "b:126:4:126:Infinity:undefined:undefined:undefined:undefined": 11,
        "s:126:4:126:Infinity": 45,
        "s:126:35:126:Infinity": 46,
        "s:127:4:127:Infinity": 47,
        "s:130:38:130:Infinity": 48,
        "s:131:28:131:Infinity": 49,
        "s:133:2:147:Infinity": 50,
        "s:134:15:134:Infinity": 51,
        "s:135:4:141:Infinity": 52,
        "s:135:17:135:20": 53,
        "b:136:6:140:Infinity:undefined:undefined:undefined:undefined": 12,
        "s:136:6:140:Infinity": 54,
        "s:137:8:137:Infinity": 55,
        "s:138:8:138:Infinity": 56,
        "s:139:8:139:Infinity": 57,
        "b:142:4:145:Infinity:undefined:undefined:undefined:undefined": 13,
        "s:142:4:145:Infinity": 58,
        "s:143:6:143:Infinity": 59,
        "s:144:6:144:Infinity": 60,
        "s:146:4:146:Infinity": 61,
        "s:149:2:149:Infinity": 62,
        "f:154:16:154:43": 5,
        "b:155:2:155:Infinity:undefined:undefined:undefined:undefined": 14,
        "s:155:2:155:Infinity": 63,
        "s:155:30:155:Infinity": 64,
        "s:157:17:157:Infinity": 65,
        "f:157:37:157:38": 6,
        "s:157:47:157:88": 66,
        "s:160:65:160:Infinity": 67,
        "s:161:29:161:Infinity": 68,
        "s:163:2:177:Infinity": 69,
        "s:164:14:164:Infinity": 70,
        "s:165:4:171:Infinity": 71,
        "s:165:17:165:20": 72,
        "b:166:6:170:Infinity:undefined:undefined:undefined:undefined": 15,
        "s:166:6:170:Infinity": 73,
        "s:167:8:167:Infinity": 74,
        "s:168:8:168:Infinity": 75,
        "s:169:8:169:Infinity": 76,
        "b:172:4:175:Infinity:undefined:undefined:undefined:undefined": 16,
        "s:172:4:175:Infinity": 77,
        "s:173:6:173:Infinity": 78,
        "s:174:6:174:Infinity": 79,
        "s:176:4:176:Infinity": 80,
        "s:179:12:179:Infinity": 81,
        "s:182:17:182:Infinity": 82,
        "f:182:43:182:44": 7,
        "s:182:53:182:54": 83,
        "f:183:11:183:16": 8,
        "b:184:4:184:Infinity:undefined:undefined:undefined:undefined": 17,
        "s:184:4:184:Infinity": 84,
        "s:184:25:184:Infinity": 85,
        "s:185:4:185:Infinity": 86,
        "s:187:2:196:Infinity": 87,
        "s:187:15:187:18": 88,
        "s:188:4:195:Infinity": 89,
        "s:188:17:188:24": 90,
        "b:189:6:194:Infinity:undefined:undefined:undefined:undefined": 18,
        "s:189:6:194:Infinity": 91,
        "b:190:8:190:Infinity:191:8:191:Infinity": 19,
        "s:193:8:193:Infinity": 92,
        "s:199:24:199:Infinity": 93,
        "s:200:2:204:Infinity": 94,
        "s:200:15:200:18": 95,
        "s:201:17:201:Infinity": 96,
        "s:202:16:202:Infinity": 97,
        "b:202:16:202:43:202:43:202:Infinity": 20,
        "b:203:4:203:Infinity:undefined:undefined:undefined:undefined": 21,
        "s:203:4:203:Infinity": 98,
        "s:203:34:203:Infinity": 99,
        "s:207:2:229:Infinity": 100,
        "f:207:22:207:23": 9,
        "s:208:10:208:Infinity": 101,
        "b:208:26:208:58:208:58:208:63": 22,
        "s:210:15:210:Infinity": 102,
        "s:211:4:226:Infinity": 103,
        "s:211:23:211:35": 104,
        "s:212:21:212:Infinity": 105,
        "s:213:6:223:Infinity": 106,
        "s:213:19:213:22": 107,
        "b:214:8:214:Infinity:undefined:undefined:undefined:undefined": 23,
        "s:214:8:214:Infinity": 108,
        "s:214:23:214:Infinity": 109,
        "b:215:8:222:Infinity:undefined:undefined:undefined:undefined": 24,
        "s:215:8:222:Infinity": 110,
        "b:216:10:216:Infinity:217:10:217:Infinity:218:10:218:Infinity": 25,
        "s:220:10:220:Infinity": 111,
        "s:221:10:221:Infinity": 112,
        "b:224:6:224:Infinity:undefined:undefined:undefined:undefined": 26,
        "s:224:6:224:Infinity": 113,
        "s:224:20:224:Infinity": 114,
        "s:225:6:225:Infinity": 115,
        "s:228:4:228:Infinity": 116
      }
    }
  },
  "/Users/jinseunghyeon/Desktop/jin/project/rally/src/renderer/src/features/schedule/manage-schedule/model/calendar-move.ts": {
    "path": "/Users/jinseunghyeon/Desktop/jin/project/rally/src/renderer/src/features/schedule/manage-schedule/model/calendar-move.ts",
    "statementMap": {
      "0": { "start": { "line": 9, "column": 2 }, "end": { "line": 12, "column": null } },
      "1": { "start": { "line": 19, "column": 18 }, "end": { "line": 19, "column": null } },
      "2": { "start": { "line": 20, "column": 19 }, "end": { "line": 20, "column": null } },
      "3": { "start": { "line": 21, "column": 2 }, "end": { "line": 24, "column": null } },
      "4": { "start": { "line": 37, "column": 2 }, "end": { "line": 37, "column": null } },
      "5": { "start": { "line": 37, "column": 23 }, "end": { "line": 37, "column": null } },
      "6": { "start": { "line": 39, "column": 29 }, "end": { "line": 39, "column": null } },
      "7": { "start": { "line": 41, "column": 2 }, "end": { "line": 45, "column": null } },
      "8": { "start": { "line": 42, "column": 4 }, "end": { "line": 42, "column": null } },
      "9": { "start": { "line": 44, "column": 4 }, "end": { "line": 44, "column": null } }
    },
    "fnMap": {
      "0": {
        "name": "moveScheduleByDays",
        "decl": { "start": { "line": 5, "column": 16 }, "end": { "line": 5, "column": null } },
        "loc": { "start": { "line": 8, "column": 34 }, "end": { "line": 13, "column": null } },
        "line": 8
      },
      "1": {
        "name": "moveScheduleByMinutes",
        "decl": { "start": { "line": 15, "column": 16 }, "end": { "line": 15, "column": null } },
        "loc": { "start": { "line": 18, "column": 34 }, "end": { "line": 25, "column": null } },
        "line": 18
      },
      "2": {
        "name": "applyDaysDelta",
        "decl": { "start": { "line": 32, "column": 16 }, "end": { "line": 32, "column": null } },
        "loc": { "start": { "line": 36, "column": 8 }, "end": { "line": 46, "column": null } },
        "line": 36
      }
    },
    "branchMap": {
      "0": {
        "loc": { "start": { "line": 37, "column": 2 }, "end": { "line": 37, "column": null } },
        "type": "if",
        "locations": [
          { "start": { "line": 37, "column": 2 }, "end": { "line": 37, "column": null } },
          { "start": {}, "end": {} }
        ],
        "line": 37
      },
      "1": {
        "loc": { "start": { "line": 41, "column": 2 }, "end": { "line": 45, "column": null } },
        "type": "if",
        "locations": [
          { "start": { "line": 41, "column": 2 }, "end": { "line": 45, "column": null } },
          { "start": { "line": 43, "column": 9 }, "end": { "line": 45, "column": null } }
        ],
        "line": 41
      }
    },
    "s": { "0": 8, "1": 11, "2": 11, "3": 11, "4": 4, "5": 1, "6": 3, "7": 3, "8": 1, "9": 2 },
    "f": { "0": 8, "1": 11, "2": 4 },
    "b": { "0": [1, 3], "1": [1, 2] },
    "meta": {
      "lastBranch": 2,
      "lastFunction": 3,
      "lastStatement": 10,
      "seen": {
        "f:5:16:5:Infinity": 0,
        "s:9:2:12:Infinity": 0,
        "f:15:16:15:Infinity": 1,
        "s:19:18:19:Infinity": 1,
        "s:20:19:20:Infinity": 2,
        "s:21:2:24:Infinity": 3,
        "f:32:16:32:Infinity": 2,
        "b:37:2:37:Infinity:undefined:undefined:undefined:undefined": 0,
        "s:37:2:37:Infinity": 4,
        "s:37:23:37:Infinity": 5,
        "s:39:29:39:Infinity": 6,
        "b:41:2:45:Infinity:43:9:45:Infinity": 1,
        "s:41:2:45:Infinity": 7,
        "s:42:4:42:Infinity": 8,
        "s:44:4:44:Infinity": 9
      }
    }
  },
  "/Users/jinseunghyeon/Desktop/jin/project/rally/src/renderer/src/features/schedule/manage-schedule/model/calendar-predicates.ts": {
    "path": "/Users/jinseunghyeon/Desktop/jin/project/rally/src/renderer/src/features/schedule/manage-schedule/model/calendar-predicates.ts",
    "statementMap": {
      "0": { "start": { "line": 5, "column": 2 }, "end": { "line": 5, "column": null } },
      "1": { "start": { "line": 9, "column": 8 }, "end": { "line": 9, "column": null } },
      "2": { "start": { "line": 10, "column": 8 }, "end": { "line": 10, "column": null } },
      "3": { "start": { "line": 11, "column": 2 }, "end": { "line": 11, "column": null } }
    },
    "fnMap": {
      "0": {
        "name": "isTodoItem",
        "decl": { "start": { "line": 4, "column": 16 }, "end": { "line": 4, "column": 27 } },
        "loc": { "start": { "line": 4, "column": 60 }, "end": { "line": 6, "column": null } },
        "line": 4
      },
      "1": {
        "name": "isScheduleOnDate",
        "decl": { "start": { "line": 8, "column": 16 }, "end": { "line": 8, "column": 33 } },
        "loc": { "start": { "line": 8, "column": 78 }, "end": { "line": 12, "column": null } },
        "line": 8
      }
    },
    "branchMap": {
      "0": {
        "loc": { "start": { "line": 11, "column": 9 }, "end": { "line": 11, "column": null } },
        "type": "binary-expr",
        "locations": [
          { "start": { "line": 11, "column": 9 }, "end": { "line": 11, "column": 39 } },
          { "start": { "line": 11, "column": 39 }, "end": { "line": 11, "column": null } }
        ],
        "line": 11
      }
    },
    "s": { "0": 33, "1": 6, "2": 6, "3": 6 },
    "f": { "0": 33, "1": 6 },
    "b": { "0": [6, 5] },
    "meta": {
      "lastBranch": 1,
      "lastFunction": 2,
      "lastStatement": 4,
      "seen": {
        "f:4:16:4:27": 0,
        "s:5:2:5:Infinity": 0,
        "f:8:16:8:33": 1,
        "s:9:8:9:Infinity": 1,
        "s:10:8:10:Infinity": 2,
        "s:11:2:11:Infinity": 3,
        "b:11:9:11:39:11:39:11:Infinity": 0
      }
    }
  },
  "/Users/jinseunghyeon/Desktop/jin/project/rally/src/renderer/src/features/schedule/manage-schedule/model/calendar-time.ts": {
    "path": "/Users/jinseunghyeon/Desktop/jin/project/rally/src/renderer/src/features/schedule/manage-schedule/model/calendar-time.ts",
    "statementMap": {
      "0": { "start": { "line": 10, "column": 2 }, "end": { "line": 13, "column": null } },
      "1": { "start": { "line": 10, "column": 60 }, "end": { "line": 13, "column": 4 } },
      "2": { "start": { "line": 17, "column": 2 }, "end": { "line": 17, "column": null } },
      "3": { "start": { "line": 21, "column": 2 }, "end": { "line": 21, "column": null } }
    },
    "fnMap": {
      "0": {
        "name": "getTimeSlots",
        "decl": { "start": { "line": 9, "column": 16 }, "end": { "line": 9, "column": 43 } },
        "loc": { "start": { "line": 9, "column": 43 }, "end": { "line": 14, "column": null } },
        "line": 9
      },
      "1": {
        "name": "(anonymous_1)",
        "decl": { "start": { "line": 10, "column": 49 }, "end": { "line": 10, "column": 50 } },
        "loc": { "start": { "line": 10, "column": 60 }, "end": { "line": 13, "column": 4 } },
        "line": 10
      },
      "2": {
        "name": "timeToPosition",
        "decl": { "start": { "line": 16, "column": 16 }, "end": { "line": 16, "column": 31 } },
        "loc": { "start": { "line": 16, "column": 71 }, "end": { "line": 18, "column": null } },
        "line": 16
      },
      "3": {
        "name": "scheduleHeight",
        "decl": { "start": { "line": 20, "column": 16 }, "end": { "line": 20, "column": 31 } },
        "loc": { "start": { "line": 20, "column": 87 }, "end": { "line": 22, "column": null } },
        "line": 20
      }
    },
    "branchMap": {},
    "s": { "0": 3, "1": 54, "2": 7, "3": 9 },
    "f": { "0": 3, "1": 54, "2": 7, "3": 9 },
    "b": {},
    "meta": {
      "lastBranch": 0,
      "lastFunction": 4,
      "lastStatement": 4,
      "seen": {
        "f:9:16:9:43": 0,
        "s:10:2:13:Infinity": 0,
        "f:10:49:10:50": 1,
        "s:10:60:13:4": 1,
        "f:16:16:16:31": 2,
        "s:17:2:17:Infinity": 2,
        "f:20:16:20:31": 3,
        "s:21:2:21:Infinity": 3
      }
    }
  },
  "/Users/jinseunghyeon/Desktop/jin/project/rally/src/renderer/src/features/schedule/manage-schedule/model/schedule-color.ts": {
    "path": "/Users/jinseunghyeon/Desktop/jin/project/rally/src/renderer/src/features/schedule/manage-schedule/model/schedule-color.ts",
    "statementMap": {
      "0": { "start": { "line": 3, "column": 38 }, "end": { "line": 12, "column": null } },
      "1": { "start": { "line": 14, "column": 55 }, "end": { "line": 18, "column": null } },
      "2": { "start": { "line": 21, "column": 2 }, "end": { "line": 21, "column": null } }
    },
    "fnMap": {
      "0": {
        "name": "getScheduleColor",
        "decl": { "start": { "line": 20, "column": 16 }, "end": { "line": 20, "column": 33 } },
        "loc": { "start": { "line": 20, "column": 65 }, "end": { "line": 22, "column": null } },
        "line": 20
      }
    },
    "branchMap": {
      "0": {
        "loc": { "start": { "line": 21, "column": 9 }, "end": { "line": 21, "column": null } },
        "type": "binary-expr",
        "locations": [
          { "start": { "line": 21, "column": 9 }, "end": { "line": 21, "column": 27 } },
          { "start": { "line": 21, "column": 27 }, "end": { "line": 21, "column": null } }
        ],
        "line": 21
      }
    },
    "s": { "0": 2, "1": 2, "2": 12 },
    "f": { "0": 12 },
    "b": { "0": [12, 9] },
    "meta": {
      "lastBranch": 1,
      "lastFunction": 1,
      "lastStatement": 3,
      "seen": {
        "s:3:38:12:Infinity": 0,
        "s:14:55:18:Infinity": 1,
        "f:20:16:20:33": 0,
        "s:21:2:21:Infinity": 2,
        "b:21:9:21:27:21:27:21:Infinity": 0
      }
    }
  },
  "/Users/jinseunghyeon/Desktop/jin/project/rally/src/renderer/src/features/schedule/manage-schedule/model/schedule-style.ts": {
    "path": "/Users/jinseunghyeon/Desktop/jin/project/rally/src/renderer/src/features/schedule/manage-schedule/model/schedule-style.ts",
    "statementMap": {
      "0": { "start": { "line": 6, "column": 8 }, "end": { "line": 6, "column": null } },
      "1": { "start": { "line": 7, "column": 8 }, "end": { "line": 7, "column": null } },
      "2": { "start": { "line": 8, "column": 2 }, "end": { "line": 12, "column": null } },
      "3": { "start": { "line": 16, "column": 8 }, "end": { "line": 16, "column": null } },
      "4": { "start": { "line": 17, "column": 8 }, "end": { "line": 17, "column": null } },
      "5": { "start": { "line": 18, "column": 2 }, "end": { "line": 21, "column": null } }
    },
    "fnMap": {
      "0": {
        "name": "getItemStyle",
        "decl": { "start": { "line": 5, "column": 16 }, "end": { "line": 5, "column": 29 } },
        "loc": { "start": { "line": 5, "column": 74 }, "end": { "line": 13, "column": null } },
        "line": 5
      },
      "1": {
        "name": "getItemDotStyle",
        "decl": { "start": { "line": 15, "column": 16 }, "end": { "line": 15, "column": 32 } },
        "loc": { "start": { "line": 15, "column": 77 }, "end": { "line": 22, "column": null } },
        "line": 15
      }
    },
    "branchMap": {
      "0": {
        "loc": { "start": { "line": 9, "column": 21 }, "end": { "line": 9, "column": null } },
        "type": "cond-expr",
        "locations": [
          { "start": { "line": 9, "column": 28 }, "end": { "line": 9, "column": 44 } },
          { "start": { "line": 9, "column": 44 }, "end": { "line": 9, "column": null } }
        ],
        "line": 9
      },
      "1": {
        "loc": { "start": { "line": 10, "column": 12 }, "end": { "line": 10, "column": null } },
        "type": "cond-expr",
        "locations": [
          { "start": { "line": 10, "column": 19 }, "end": { "line": 10, "column": 44 } },
          { "start": { "line": 10, "column": 44 }, "end": { "line": 10, "column": null } }
        ],
        "line": 10
      },
      "2": {
        "loc": { "start": { "line": 19, "column": 21 }, "end": { "line": 19, "column": null } },
        "type": "cond-expr",
        "locations": [
          { "start": { "line": 19, "column": 28 }, "end": { "line": 19, "column": 44 } },
          { "start": { "line": 19, "column": 44 }, "end": { "line": 19, "column": null } }
        ],
        "line": 19
      },
      "3": {
        "loc": { "start": { "line": 20, "column": 12 }, "end": { "line": 20, "column": null } },
        "type": "cond-expr",
        "locations": [
          { "start": { "line": 20, "column": 19 }, "end": { "line": 20, "column": 44 } },
          { "start": { "line": 20, "column": 44 }, "end": { "line": 20, "column": null } }
        ],
        "line": 20
      }
    },
    "s": { "0": 6, "1": 6, "2": 6, "3": 2, "4": 2, "5": 2 },
    "f": { "0": 6, "1": 2 },
    "b": { "0": [3, 3], "1": [3, 3], "2": [1, 1], "3": [1, 1] },
    "meta": {
      "lastBranch": 4,
      "lastFunction": 2,
      "lastStatement": 6,
      "seen": {
        "f:5:16:5:29": 0,
        "s:6:8:6:Infinity": 0,
        "s:7:8:7:Infinity": 1,
        "s:8:2:12:Infinity": 2,
        "b:9:28:9:44:9:44:9:Infinity": 0,
        "b:10:19:10:44:10:44:10:Infinity": 1,
        "f:15:16:15:32": 1,
        "s:16:8:16:Infinity": 3,
        "s:17:8:17:Infinity": 4,
        "s:18:2:21:Infinity": 5,
        "b:19:28:19:44:19:44:19:Infinity": 2,
        "b:20:19:20:44:20:44:20:Infinity": 3
      }
    }
  },
  "/Users/jinseunghyeon/Desktop/jin/project/rally/src/renderer/src/features/schedule/manage-schedule/model/use-calendar.ts": {
    "path": "/Users/jinseunghyeon/Desktop/jin/project/rally/src/renderer/src/features/schedule/manage-schedule/model/use-calendar.ts",
    "statementMap": {
      "0": { "start": { "line": 41, "column": 30 }, "end": { "line": 43, "column": null } },
      "1": { "start": { "line": 44, "column": 36 }, "end": { "line": 46, "column": null } },
      "2": { "start": { "line": 47, "column": 38 }, "end": { "line": 47, "column": null } },
      "3": { "start": { "line": 50, "column": 4 }, "end": { "line": 50, "column": null } },
      "4": { "start": { "line": 51, "column": 4 }, "end": { "line": 51, "column": null } },
      "5": { "start": { "line": 55, "column": 4 }, "end": { "line": 55, "column": null } },
      "6": { "start": { "line": 56, "column": 4 }, "end": { "line": 56, "column": null } },
      "7": { "start": { "line": 60, "column": 4 }, "end": { "line": 64, "column": null } },
      "8": { "start": { "line": 61, "column": 6 }, "end": { "line": 61, "column": null } },
      "9": { "start": { "line": 61, "column": 32 }, "end": { "line": 61, "column": null } },
      "10": { "start": { "line": 62, "column": 6 }, "end": { "line": 62, "column": null } },
      "11": { "start": { "line": 62, "column": 31 }, "end": { "line": 62, "column": null } },
      "12": { "start": { "line": 63, "column": 6 }, "end": { "line": 63, "column": null } },
      "13": { "start": { "line": 68, "column": 4 }, "end": { "line": 72, "column": null } },
      "14": { "start": { "line": 69, "column": 6 }, "end": { "line": 69, "column": null } },
      "15": { "start": { "line": 69, "column": 32 }, "end": { "line": 69, "column": null } },
      "16": { "start": { "line": 70, "column": 6 }, "end": { "line": 70, "column": null } },
      "17": { "start": { "line": 70, "column": 31 }, "end": { "line": 70, "column": null } },
      "18": { "start": { "line": 71, "column": 6 }, "end": { "line": 71, "column": null } },
      "19": { "start": { "line": 75, "column": 8 }, "end": { "line": 85, "column": null } },
      "20": { "start": { "line": 76, "column": 4 }, "end": { "line": 78, "column": null } },
      "21": { "start": { "line": 77, "column": 6 }, "end": { "line": 77, "column": null } },
      "22": { "start": { "line": 79, "column": 4 }, "end": { "line": 83, "column": null } },
      "23": { "start": { "line": 80, "column": 12 }, "end": { "line": 80, "column": null } },
      "24": { "start": { "line": 81, "column": 12 }, "end": { "line": 81, "column": null } },
      "25": { "start": { "line": 82, "column": 6 }, "end": { "line": 82, "column": null } },
      "26": { "start": { "line": 84, "column": 4 }, "end": { "line": 84, "column": null } },
      "27": { "start": { "line": 87, "column": 8 }, "end": { "line": 97, "column": null } },
      "28": { "start": { "line": 88, "column": 4 }, "end": { "line": 92, "column": null } },
      "29": { "start": { "line": 89, "column": 12 }, "end": { "line": 89, "column": null } },
      "30": { "start": { "line": 90, "column": 12 }, "end": { "line": 90, "column": null } },
      "31": { "start": { "line": 91, "column": 6 }, "end": { "line": 91, "column": null } },
      "32": { "start": { "line": 93, "column": 4 }, "end": { "line": 95, "column": null } },
      "33": { "start": { "line": 94, "column": 6 }, "end": { "line": 94, "column": null } },
      "34": { "start": { "line": 96, "column": 4 }, "end": { "line": 96, "column": null } },
      "35": { "start": { "line": 99, "column": 2 }, "end": { "line": 110, "column": null } }
    },
    "fnMap": {
      "0": {
        "name": "useCalendar",
        "decl": { "start": { "line": 40, "column": 16 }, "end": { "line": 40, "column": 28 } },
        "loc": { "start": { "line": 40, "column": 77 }, "end": { "line": 111, "column": null } },
        "line": 40
      },
      "1": {
        "name": "selectDate",
        "decl": { "start": { "line": 49, "column": 11 }, "end": { "line": 49, "column": 22 } },
        "loc": { "start": { "line": 49, "column": 40 }, "end": { "line": 52, "column": null } },
        "line": 49
      },
      "2": {
        "name": "goToday",
        "decl": { "start": { "line": 54, "column": 11 }, "end": { "line": 54, "column": 27 } },
        "loc": { "start": { "line": 54, "column": 27 }, "end": { "line": 57, "column": null } },
        "line": 54
      },
      "3": {
        "name": "goPrev",
        "decl": { "start": { "line": 59, "column": 11 }, "end": { "line": 59, "column": 26 } },
        "loc": { "start": { "line": 59, "column": 26 }, "end": { "line": 65, "column": null } },
        "line": 59
      },
      "4": {
        "name": "(anonymous_4)",
        "decl": { "start": { "line": 60, "column": 19 }, "end": { "line": 60, "column": 20 } },
        "loc": { "start": { "line": 60, "column": 29 }, "end": { "line": 64, "column": 5 } },
        "line": 60
      },
      "5": {
        "name": "goNext",
        "decl": { "start": { "line": 67, "column": 11 }, "end": { "line": 67, "column": 26 } },
        "loc": { "start": { "line": 67, "column": 26 }, "end": { "line": 73, "column": null } },
        "line": 67
      },
      "6": {
        "name": "(anonymous_6)",
        "decl": { "start": { "line": 68, "column": 19 }, "end": { "line": 68, "column": 20 } },
        "loc": { "start": { "line": 68, "column": 29 }, "end": { "line": 72, "column": 5 } },
        "line": 68
      },
      "7": {
        "name": "(anonymous_7)",
        "decl": { "start": { "line": 75, "column": 24 }, "end": { "line": 75, "column": 30 } },
        "loc": { "start": { "line": 75, "column": 30 }, "end": { "line": 85, "column": 5 } },
        "line": 75
      },
      "8": {
        "name": "(anonymous_8)",
        "decl": { "start": { "line": 87, "column": 47 }, "end": { "line": 87, "column": 53 } },
        "loc": { "start": { "line": 87, "column": 53 }, "end": { "line": 97, "column": 5 } },
        "line": 87
      }
    },
    "branchMap": {
      "0": {
        "loc": { "start": { "line": 42, "column": 4 }, "end": { "line": 42, "column": null } },
        "type": "binary-expr",
        "locations": [
          { "start": { "line": 42, "column": 4 }, "end": { "line": 42, "column": 32 } },
          { "start": { "line": 42, "column": 32 }, "end": { "line": 42, "column": null } }
        ],
        "line": 42
      },
      "1": {
        "loc": { "start": { "line": 45, "column": 4 }, "end": { "line": 45, "column": null } },
        "type": "cond-expr",
        "locations": [
          { "start": { "line": 45, "column": 27 }, "end": { "line": 45, "column": 59 } },
          { "start": { "line": 45, "column": 59 }, "end": { "line": 45, "column": null } }
        ],
        "line": 45
      },
      "2": {
        "loc": { "start": { "line": 61, "column": 6 }, "end": { "line": 61, "column": null } },
        "type": "if",
        "locations": [
          { "start": { "line": 61, "column": 6 }, "end": { "line": 61, "column": null } },
          { "start": {}, "end": {} }
        ],
        "line": 61
      },
      "3": {
        "loc": { "start": { "line": 62, "column": 6 }, "end": { "line": 62, "column": null } },
        "type": "if",
        "locations": [
          { "start": { "line": 62, "column": 6 }, "end": { "line": 62, "column": null } },
          { "start": {}, "end": {} }
        ],
        "line": 62
      },
      "4": {
        "loc": { "start": { "line": 69, "column": 6 }, "end": { "line": 69, "column": null } },
        "type": "if",
        "locations": [
          { "start": { "line": 69, "column": 6 }, "end": { "line": 69, "column": null } },
          { "start": {}, "end": {} }
        ],
        "line": 69
      },
      "5": {
        "loc": { "start": { "line": 70, "column": 6 }, "end": { "line": 70, "column": null } },
        "type": "if",
        "locations": [
          { "start": { "line": 70, "column": 6 }, "end": { "line": 70, "column": null } },
          { "start": {}, "end": {} }
        ],
        "line": 70
      },
      "6": {
        "loc": { "start": { "line": 76, "column": 4 }, "end": { "line": 78, "column": null } },
        "type": "if",
        "locations": [
          { "start": { "line": 76, "column": 4 }, "end": { "line": 78, "column": null } },
          { "start": {}, "end": {} }
        ],
        "line": 76
      },
      "7": {
        "loc": { "start": { "line": 79, "column": 4 }, "end": { "line": 83, "column": null } },
        "type": "if",
        "locations": [
          { "start": { "line": 79, "column": 4 }, "end": { "line": 83, "column": null } },
          { "start": {}, "end": {} }
        ],
        "line": 79
      },
      "8": {
        "loc": { "start": { "line": 88, "column": 4 }, "end": { "line": 92, "column": null } },
        "type": "if",
        "locations": [
          { "start": { "line": 88, "column": 4 }, "end": { "line": 92, "column": null } },
          { "start": {}, "end": {} }
        ],
        "line": 88
      },
      "9": {
        "loc": { "start": { "line": 93, "column": 4 }, "end": { "line": 95, "column": null } },
        "type": "if",
        "locations": [
          { "start": { "line": 93, "column": 4 }, "end": { "line": 95, "column": null } },
          { "start": {}, "end": {} }
        ],
        "line": 93
      }
    },
    "s": {
      "0": 41,
      "1": 41,
      "2": 41,
      "3": 2,
      "4": 2,
      "5": 1,
      "6": 1,
      "7": 6,
      "8": 6,
      "9": 2,
      "10": 4,
      "11": 4,
      "12": 2,
      "13": 7,
      "14": 7,
      "15": 3,
      "16": 4,
      "17": 4,
      "18": 2,
      "19": 41,
      "20": 41,
      "21": 20,
      "22": 21,
      "23": 12,
      "24": 12,
      "25": 12,
      "26": 9,
      "27": 41,
      "28": 41,
      "29": 20,
      "30": 20,
      "31": 20,
      "32": 21,
      "33": 12,
      "34": 9,
      "35": 41
    },
    "f": { "0": 41, "1": 2, "2": 1, "3": 6, "4": 6, "5": 7, "6": 7, "7": 41, "8": 41 },
    "b": {
      "0": [41, 22],
      "1": [1, 40],
      "2": [2, 4],
      "3": [2, 2],
      "4": [3, 4],
      "5": [2, 2],
      "6": [20, 21],
      "7": [12, 9],
      "8": [20, 21],
      "9": [12, 9]
    },
    "meta": {
      "lastBranch": 10,
      "lastFunction": 9,
      "lastStatement": 36,
      "seen": {
        "f:40:16:40:28": 0,
        "s:41:30:43:Infinity": 0,
        "b:42:4:42:32:42:32:42:Infinity": 0,
        "s:44:36:46:Infinity": 1,
        "b:45:27:45:59:45:59:45:Infinity": 1,
        "s:47:38:47:Infinity": 2,
        "f:49:11:49:22": 1,
        "s:50:4:50:Infinity": 3,
        "s:51:4:51:Infinity": 4,
        "f:54:11:54:27": 2,
        "s:55:4:55:Infinity": 5,
        "s:56:4:56:Infinity": 6,
        "f:59:11:59:26": 3,
        "s:60:4:64:Infinity": 7,
        "f:60:19:60:20": 4,
        "b:61:6:61:Infinity:undefined:undefined:undefined:undefined": 2,
        "s:61:6:61:Infinity": 8,
        "s:61:32:61:Infinity": 9,
        "b:62:6:62:Infinity:undefined:undefined:undefined:undefined": 3,
        "s:62:6:62:Infinity": 10,
        "s:62:31:62:Infinity": 11,
        "s:63:6:63:Infinity": 12,
        "f:67:11:67:26": 5,
        "s:68:4:72:Infinity": 13,
        "f:68:19:68:20": 6,
        "b:69:6:69:Infinity:undefined:undefined:undefined:undefined": 4,
        "s:69:6:69:Infinity": 14,
        "s:69:32:69:Infinity": 15,
        "b:70:6:70:Infinity:undefined:undefined:undefined:undefined": 5,
        "s:70:6:70:Infinity": 16,
        "s:70:31:70:Infinity": 17,
        "s:71:6:71:Infinity": 18,
        "s:75:8:85:Infinity": 19,
        "f:75:24:75:30": 7,
        "b:76:4:78:Infinity:undefined:undefined:undefined:undefined": 6,
        "s:76:4:78:Infinity": 20,
        "s:77:6:77:Infinity": 21,
        "b:79:4:83:Infinity:undefined:undefined:undefined:undefined": 7,
        "s:79:4:83:Infinity": 22,
        "s:80:12:80:Infinity": 23,
        "s:81:12:81:Infinity": 24,
        "s:82:6:82:Infinity": 25,
        "s:84:4:84:Infinity": 26,
        "s:87:8:97:Infinity": 27,
        "f:87:47:87:53": 8,
        "b:88:4:92:Infinity:undefined:undefined:undefined:undefined": 8,
        "s:88:4:92:Infinity": 28,
        "s:89:12:89:Infinity": 29,
        "s:90:12:90:Infinity": 30,
        "s:91:6:91:Infinity": 31,
        "b:93:4:95:Infinity:undefined:undefined:undefined:undefined": 9,
        "s:93:4:95:Infinity": 32,
        "s:94:6:94:Infinity": 33,
        "s:96:4:96:Infinity": 34,
        "s:99:2:110:Infinity": 35
      }
    }
  },
  "/Users/jinseunghyeon/Desktop/jin/project/rally/src/renderer/src/features/schedule/manage-schedule/model/use-day-dnd.ts": {
    "path": "/Users/jinseunghyeon/Desktop/jin/project/rally/src/renderer/src/features/schedule/manage-schedule/model/use-day-dnd.ts",
    "statementMap": {
      "0": { "start": { "line": 41, "column": 42 }, "end": { "line": 41, "column": null } },
      "1": { "start": { "line": 42, "column": 34 }, "end": { "line": 42, "column": null } },
      "2": { "start": { "line": 43, "column": 38 }, "end": { "line": 43, "column": null } },
      "3": { "start": { "line": 44, "column": 34 }, "end": { "line": 44, "column": null } },
      "4": { "start": { "line": 47, "column": 21 }, "end": { "line": 47, "column": null } },
      "5": { "start": { "line": 48, "column": 4 }, "end": { "line": 48, "column": null } },
      "6": { "start": { "line": 49, "column": 4 }, "end": { "line": 49, "column": null } },
      "7": { "start": { "line": 51, "column": 16 }, "end": { "line": 53, "column": null } },
      "8": { "start": { "line": 54, "column": 4 }, "end": { "line": 56, "column": null } },
      "9": { "start": { "line": 55, "column": 6 }, "end": { "line": 55, "column": null } },
      "10": { "start": { "line": 60, "column": 25 }, "end": { "line": 60, "column": null } },
      "11": { "start": { "line": 61, "column": 4 }, "end": { "line": 61, "column": null } },
      "12": { "start": { "line": 65, "column": 4 }, "end": { "line": 65, "column": null } },
      "13": { "start": { "line": 66, "column": 4 }, "end": { "line": 66, "column": null } },
      "14": { "start": { "line": 67, "column": 21 }, "end": { "line": 67, "column": null } },
      "15": { "start": { "line": 68, "column": 4 }, "end": { "line": 68, "column": null } },
      "16": { "start": { "line": 68, "column": 19 }, "end": { "line": 68, "column": null } },
      "17": { "start": { "line": 70, "column": 25 }, "end": { "line": 70, "column": null } },
      "18": { "start": { "line": 71, "column": 4 }, "end": { "line": 71, "column": null } },
      "19": { "start": { "line": 71, "column": 28 }, "end": { "line": 71, "column": null } },
      "20": { "start": { "line": 73, "column": 21 }, "end": { "line": 73, "column": null } },
      "21": { "start": { "line": 75, "column": 4 }, "end": { "line": 99, "column": null } },
      "22": { "start": { "line": 76, "column": 20 }, "end": { "line": 76, "column": null } },
      "23": { "start": { "line": 77, "column": 24 }, "end": { "line": 77, "column": null } },
      "24": { "start": { "line": 78, "column": 22 }, "end": { "line": 78, "column": null } },
      "25": { "start": { "line": 79, "column": 25 }, "end": { "line": 79, "column": null } },
      "26": { "start": { "line": 80, "column": 23 }, "end": { "line": 80, "column": null } },
      "27": { "start": { "line": 82, "column": 23 }, "end": { "line": 82, "column": null } },
      "28": { "start": { "line": 83, "column": 6 }, "end": { "line": 83, "column": null } },
      "29": { "start": { "line": 84, "column": 21 }, "end": { "line": 84, "column": null } },
      "30": { "start": { "line": 85, "column": 6 }, "end": { "line": 85, "column": null } },
      "31": { "start": { "line": 87, "column": 6 }, "end": { "line": 91, "column": null } },
      "32": { "start": { "line": 93, "column": 6 }, "end": { "line": 98, "column": null } },
      "33": { "start": { "line": 102, "column": 2 }, "end": { "line": 110, "column": null } }
    },
    "fnMap": {
      "0": {
        "name": "useDayDnd",
        "decl": { "start": { "line": 34, "column": 16 }, "end": { "line": 34, "column": 26 } },
        "loc": { "start": { "line": 40, "column": 26 }, "end": { "line": 111, "column": null } },
        "line": 40
      },
      "1": {
        "name": "handleDragStart",
        "decl": { "start": { "line": 46, "column": 11 }, "end": { "line": 46, "column": 27 } },
        "loc": { "start": { "line": 46, "column": 56 }, "end": { "line": 57, "column": null } },
        "line": 46
      },
      "2": {
        "name": "handleDragMove",
        "decl": { "start": { "line": 59, "column": 11 }, "end": { "line": 59, "column": 26 } },
        "loc": { "start": { "line": 59, "column": 54 }, "end": { "line": 62, "column": null } },
        "line": 59
      },
      "3": {
        "name": "handleDragEnd",
        "decl": { "start": { "line": 64, "column": 11 }, "end": { "line": 64, "column": 25 } },
        "loc": { "start": { "line": 64, "column": 52 }, "end": { "line": 100, "column": null } },
        "line": 64
      }
    },
    "branchMap": {
      "0": {
        "loc": { "start": { "line": 48, "column": 22 }, "end": { "line": 48, "column": 38 } },
        "type": "binary-expr",
        "locations": [
          { "start": { "line": 48, "column": 22 }, "end": { "line": 48, "column": 34 } },
          { "start": { "line": 48, "column": 34 }, "end": { "line": 48, "column": 38 } }
        ],
        "line": 48
      },
      "1": {
        "loc": { "start": { "line": 49, "column": 19 }, "end": { "line": 49, "column": 78 } },
        "type": "binary-expr",
        "locations": [
          { "start": { "line": 49, "column": 19 }, "end": { "line": 49, "column": 71 } },
          { "start": { "line": 49, "column": 71 }, "end": { "line": 49, "column": 78 } }
        ],
        "line": 49
      },
      "2": {
        "loc": { "start": { "line": 54, "column": 4 }, "end": { "line": 56, "column": null } },
        "type": "if",
        "locations": [
          { "start": { "line": 54, "column": 4 }, "end": { "line": 56, "column": null } },
          { "start": {}, "end": {} }
        ],
        "line": 54
      },
      "3": {
        "loc": { "start": { "line": 68, "column": 4 }, "end": { "line": 68, "column": null } },
        "type": "if",
        "locations": [
          { "start": { "line": 68, "column": 4 }, "end": { "line": 68, "column": null } },
          { "start": {}, "end": {} }
        ],
        "line": 68
      },
      "4": {
        "loc": { "start": { "line": 71, "column": 4 }, "end": { "line": 71, "column": null } },
        "type": "if",
        "locations": [
          { "start": { "line": 71, "column": 4 }, "end": { "line": 71, "column": null } },
          { "start": {}, "end": {} }
        ],
        "line": 71
      },
      "5": {
        "loc": { "start": { "line": 75, "column": 4 }, "end": { "line": 99, "column": null } },
        "type": "if",
        "locations": [
          { "start": { "line": 75, "column": 4 }, "end": { "line": 99, "column": null } },
          { "start": { "line": 92, "column": 11 }, "end": { "line": 99, "column": null } }
        ],
        "line": 75
      },
      "6": {
        "loc": { "start": { "line": 77, "column": 24 }, "end": { "line": 77, "column": null } },
        "type": "binary-expr",
        "locations": [
          { "start": { "line": 77, "column": 24 }, "end": { "line": 77, "column": 40 } },
          { "start": { "line": 77, "column": 40 }, "end": { "line": 77, "column": null } }
        ],
        "line": 77
      },
      "7": {
        "loc": { "start": { "line": 78, "column": 22 }, "end": { "line": 78, "column": null } },
        "type": "binary-expr",
        "locations": [
          { "start": { "line": 78, "column": 22 }, "end": { "line": 78, "column": 36 } },
          { "start": { "line": 78, "column": 36 }, "end": { "line": 78, "column": null } }
        ],
        "line": 78
      }
    },
    "s": {
      "0": 26,
      "1": 26,
      "2": 26,
      "3": 26,
      "4": 7,
      "5": 7,
      "6": 7,
      "7": 7,
      "8": 7,
      "9": 1,
      "10": 3,
      "11": 3,
      "12": 8,
      "13": 8,
      "14": 8,
      "15": 8,
      "16": 1,
      "17": 7,
      "18": 7,
      "19": 1,
      "20": 6,
      "21": 6,
      "22": 4,
      "23": 4,
      "24": 4,
      "25": 4,
      "26": 4,
      "27": 4,
      "28": 4,
      "29": 4,
      "30": 4,
      "31": 4,
      "32": 2,
      "33": 26
    },
    "f": { "0": 26, "1": 7, "2": 3, "3": 8 },
    "b": {
      "0": [7, 2],
      "1": [7, 4],
      "2": [1, 6],
      "3": [1, 7],
      "4": [1, 6],
      "5": [4, 2],
      "6": [4, 3],
      "7": [4, 3]
    },
    "meta": {
      "lastBranch": 8,
      "lastFunction": 4,
      "lastStatement": 34,
      "seen": {
        "f:34:16:34:26": 0,
        "s:41:42:41:Infinity": 0,
        "s:42:34:42:Infinity": 1,
        "s:43:38:43:Infinity": 2,
        "s:44:34:44:Infinity": 3,
        "f:46:11:46:27": 1,
        "s:47:21:47:Infinity": 4,
        "s:48:4:48:Infinity": 5,
        "b:48:22:48:34:48:34:48:38": 0,
        "s:49:4:49:Infinity": 6,
        "b:49:19:49:71:49:71:49:78": 1,
        "s:51:16:53:Infinity": 7,
        "b:54:4:56:Infinity:undefined:undefined:undefined:undefined": 2,
        "s:54:4:56:Infinity": 8,
        "s:55:6:55:Infinity": 9,
        "f:59:11:59:26": 2,
        "s:60:25:60:Infinity": 10,
        "s:61:4:61:Infinity": 11,
        "f:64:11:64:25": 3,
        "s:65:4:65:Infinity": 12,
        "s:66:4:66:Infinity": 13,
        "s:67:21:67:Infinity": 14,
        "b:68:4:68:Infinity:undefined:undefined:undefined:undefined": 3,
        "s:68:4:68:Infinity": 15,
        "s:68:19:68:Infinity": 16,
        "s:70:25:70:Infinity": 17,
        "b:71:4:71:Infinity:undefined:undefined:undefined:undefined": 4,
        "s:71:4:71:Infinity": 18,
        "s:71:28:71:Infinity": 19,
        "s:73:21:73:Infinity": 20,
        "b:75:4:99:Infinity:92:11:99:Infinity": 5,
        "s:75:4:99:Infinity": 21,
        "s:76:20:76:Infinity": 22,
        "s:77:24:77:Infinity": 23,
        "b:77:24:77:40:77:40:77:Infinity": 6,
        "s:78:22:78:Infinity": 24,
        "b:78:22:78:36:78:36:78:Infinity": 7,
        "s:79:25:79:Infinity": 25,
        "s:80:23:80:Infinity": 26,
        "s:82:23:82:Infinity": 27,
        "s:83:6:83:Infinity": 28,
        "s:84:21:84:Infinity": 29,
        "s:85:6:85:Infinity": 30,
        "s:87:6:91:Infinity": 31,
        "s:93:6:98:Infinity": 32,
        "s:102:2:110:Infinity": 33
      }
    }
  },
  "/Users/jinseunghyeon/Desktop/jin/project/rally/src/renderer/src/features/schedule/manage-schedule/model/use-schedule-resize.ts": {
    "path": "/Users/jinseunghyeon/Desktop/jin/project/rally/src/renderer/src/features/schedule/manage-schedule/model/use-schedule-resize.ts",
    "statementMap": {
      "0": { "start": { "line": 35, "column": 30 }, "end": { "line": 38, "column": null } },
      "1": { "start": { "line": 39, "column": 36 }, "end": { "line": 39, "column": null } },
      "2": { "start": { "line": 46, "column": 4 }, "end": { "line": 46, "column": null } },
      "3": { "start": { "line": 47, "column": 19 }, "end": { "line": 47, "column": null } },
      "4": { "start": { "line": 48, "column": 4 }, "end": { "line": 48, "column": null } },
      "5": { "start": { "line": 49, "column": 4 }, "end": { "line": 49, "column": null } },
      "6": { "start": { "line": 52, "column": 20 }, "end": { "line": 52, "column": null } },
      "7": { "start": { "line": 53, "column": 6 }, "end": { "line": 53, "column": null } },
      "8": { "start": { "line": 57, "column": 20 }, "end": { "line": 57, "column": null } },
      "9": { "start": { "line": 59, "column": 6 }, "end": { "line": 89, "column": null } },
      "10": { "start": { "line": 60, "column": 25 }, "end": { "line": 60, "column": null } },
      "11": { "start": { "line": 62, "column": 8 }, "end": { "line": 88, "column": null } },
      "12": { "start": { "line": 63, "column": 24 }, "end": { "line": 63, "column": null } },
      "13": { "start": { "line": 64, "column": 28 }, "end": { "line": 64, "column": null } },
      "14": { "start": { "line": 65, "column": 26 }, "end": { "line": 65, "column": null } },
      "15": { "start": { "line": 66, "column": 29 }, "end": { "line": 66, "column": null } },
      "16": { "start": { "line": 67, "column": 27 }, "end": { "line": 67, "column": null } },
      "17": { "start": { "line": 69, "column": 27 }, "end": { "line": 69, "column": null } },
      "18": { "start": { "line": 70, "column": 10 }, "end": { "line": 70, "column": null } },
      "19": { "start": { "line": 71, "column": 25 }, "end": { "line": 71, "column": null } },
      "20": { "start": { "line": 72, "column": 10 }, "end": { "line": 72, "column": null } },
      "21": { "start": { "line": 74, "column": 10 }, "end": { "line": 78, "column": null } },
      "22": { "start": { "line": 80, "column": 10 }, "end": { "line": 87, "column": null } },
      "23": { "start": { "line": 91, "column": 6 }, "end": { "line": 91, "column": null } },
      "24": { "start": { "line": 92, "column": 6 }, "end": { "line": 92, "column": null } },
      "25": { "start": { "line": 93, "column": 6 }, "end": { "line": 93, "column": null } },
      "26": { "start": { "line": 94, "column": 6 }, "end": { "line": 94, "column": null } },
      "27": { "start": { "line": 97, "column": 4 }, "end": { "line": 97, "column": null } },
      "28": { "start": { "line": 98, "column": 4 }, "end": { "line": 98, "column": null } },
      "29": { "start": { "line": 101, "column": 2 }, "end": { "line": 101, "column": null } }
    },
    "fnMap": {
      "0": {
        "name": "useScheduleResize",
        "decl": { "start": { "line": 28, "column": 16 }, "end": { "line": 28, "column": 34 } },
        "loc": { "start": { "line": 34, "column": 26 }, "end": { "line": 102, "column": null } },
        "line": 34
      },
      "1": {
        "name": "handleResizeStart",
        "decl": { "start": { "line": 41, "column": 11 }, "end": { "line": 41, "column": null } },
        "loc": { "start": { "line": 45, "column": 10 }, "end": { "line": 99, "column": null } },
        "line": 45
      },
      "2": {
        "name": "onMove",
        "decl": { "start": { "line": 51, "column": 13 }, "end": { "line": 51, "column": 20 } },
        "loc": { "start": { "line": 51, "column": 44 }, "end": { "line": 54, "column": null } },
        "line": 51
      },
      "3": {
        "name": "onUp",
        "decl": { "start": { "line": 56, "column": 13 }, "end": { "line": 56, "column": 18 } },
        "loc": { "start": { "line": 56, "column": 42 }, "end": { "line": 95, "column": null } },
        "line": 56
      }
    },
    "branchMap": {
      "0": {
        "loc": { "start": { "line": 59, "column": 6 }, "end": { "line": 89, "column": null } },
        "type": "if",
        "locations": [
          { "start": { "line": 59, "column": 6 }, "end": { "line": 89, "column": null } },
          { "start": {}, "end": {} }
        ],
        "line": 59
      },
      "1": {
        "loc": { "start": { "line": 62, "column": 8 }, "end": { "line": 88, "column": null } },
        "type": "if",
        "locations": [
          { "start": { "line": 62, "column": 8 }, "end": { "line": 88, "column": null } },
          { "start": { "line": 79, "column": 15 }, "end": { "line": 88, "column": null } }
        ],
        "line": 62
      },
      "2": {
        "loc": { "start": { "line": 64, "column": 28 }, "end": { "line": 64, "column": null } },
        "type": "binary-expr",
        "locations": [
          { "start": { "line": 64, "column": 28 }, "end": { "line": 64, "column": 44 } },
          { "start": { "line": 64, "column": 44 }, "end": { "line": 64, "column": null } }
        ],
        "line": 64
      },
      "3": {
        "loc": { "start": { "line": 65, "column": 26 }, "end": { "line": 65, "column": null } },
        "type": "binary-expr",
        "locations": [
          { "start": { "line": 65, "column": 26 }, "end": { "line": 65, "column": 40 } },
          { "start": { "line": 65, "column": 40 }, "end": { "line": 65, "column": null } }
        ],
        "line": 65
      },
      "4": {
        "loc": { "start": { "line": 66, "column": 29 }, "end": { "line": 66, "column": null } },
        "type": "cond-expr",
        "locations": [
          { "start": { "line": 66, "column": 46 }, "end": { "line": 66, "column": 89 } },
          { "start": { "line": 66, "column": 89 }, "end": { "line": 66, "column": null } }
        ],
        "line": 66
      },
      "5": {
        "loc": { "start": { "line": 67, "column": 27 }, "end": { "line": 67, "column": null } },
        "type": "cond-expr",
        "locations": [
          { "start": { "line": 67, "column": 47 }, "end": { "line": 67, "column": 88 } },
          { "start": { "line": 67, "column": 88 }, "end": { "line": 67, "column": null } }
        ],
        "line": 67
      },
      "6": {
        "loc": { "start": { "line": 83, "column": 14 }, "end": { "line": 83, "column": null } },
        "type": "cond-expr",
        "locations": [
          { "start": { "line": 83, "column": 31 }, "end": { "line": 83, "column": 81 } },
          { "start": { "line": 83, "column": 81 }, "end": { "line": 83, "column": null } }
        ],
        "line": 83
      },
      "7": {
        "loc": { "start": { "line": 85, "column": 14 }, "end": { "line": 85, "column": null } },
        "type": "cond-expr",
        "locations": [
          { "start": { "line": 85, "column": 34 }, "end": { "line": 85, "column": 82 } },
          { "start": { "line": 85, "column": 82 }, "end": { "line": 85, "column": null } }
        ],
        "line": 85
      }
    },
    "s": {
      "0": 40,
      "1": 40,
      "2": 13,
      "3": 13,
      "4": 13,
      "5": 13,
      "6": 15,
      "7": 15,
      "8": 13,
      "9": 13,
      "10": 12,
      "11": 12,
      "12": 3,
      "13": 3,
      "14": 3,
      "15": 3,
      "16": 3,
      "17": 3,
      "18": 3,
      "19": 3,
      "20": 3,
      "21": 3,
      "22": 9,
      "23": 13,
      "24": 13,
      "25": 13,
      "26": 13,
      "27": 13,
      "28": 13,
      "29": 40
    },
    "f": { "0": 40, "1": 13, "2": 15, "3": 13 },
    "b": {
      "0": [12, 1],
      "1": [3, 9],
      "2": [3, 2],
      "3": [3, 2],
      "4": [1, 2],
      "5": [2, 1],
      "6": [1, 8],
      "7": [8, 1]
    },
    "meta": {
      "lastBranch": 8,
      "lastFunction": 4,
      "lastStatement": 30,
      "seen": {
        "f:28:16:28:34": 0,
        "s:35:30:38:Infinity": 0,
        "s:39:36:39:Infinity": 1,
        "f:41:11:41:Infinity": 1,
        "s:46:4:46:Infinity": 2,
        "s:47:19:47:Infinity": 3,
        "s:48:4:48:Infinity": 4,
        "s:49:4:49:Infinity": 5,
        "f:51:13:51:20": 2,
        "s:52:20:52:Infinity": 6,
        "s:53:6:53:Infinity": 7,
        "f:56:13:56:18": 3,
        "s:57:20:57:Infinity": 8,
        "b:59:6:89:Infinity:undefined:undefined:undefined:undefined": 0,
        "s:59:6:89:Infinity": 9,
        "s:60:25:60:Infinity": 10,
        "b:62:8:88:Infinity:79:15:88:Infinity": 1,
        "s:62:8:88:Infinity": 11,
        "s:63:24:63:Infinity": 12,
        "s:64:28:64:Infinity": 13,
        "b:64:28:64:44:64:44:64:Infinity": 2,
        "s:65:26:65:Infinity": 14,
        "b:65:26:65:40:65:40:65:Infinity": 3,
        "s:66:29:66:Infinity": 15,
        "b:66:46:66:89:66:89:66:Infinity": 4,
        "s:67:27:67:Infinity": 16,
        "b:67:47:67:88:67:88:67:Infinity": 5,
        "s:69:27:69:Infinity": 17,
        "s:70:10:70:Infinity": 18,
        "s:71:25:71:Infinity": 19,
        "s:72:10:72:Infinity": 20,
        "s:74:10:78:Infinity": 21,
        "s:80:10:87:Infinity": 22,
        "b:83:31:83:81:83:81:83:Infinity": 6,
        "b:85:34:85:82:85:82:85:Infinity": 7,
        "s:91:6:91:Infinity": 23,
        "s:92:6:92:Infinity": 24,
        "s:93:6:93:Infinity": 25,
        "s:94:6:94:Infinity": 26,
        "s:97:4:97:Infinity": 27,
        "s:98:4:98:Infinity": 28,
        "s:101:2:101:Infinity": 29
      }
    }
  }
}
